Training starting...
Datetime: 2023-05-04 11:06:59.087137
wandb: Currently logged in as: oriolmartinez (tfg_oriol). Use `wandb login --relogin` to force relogin
wandb: wandb version 0.15.1 is available!  To upgrade, please run:
wandb:  $ pip install wandb --upgrade
wandb: Tracking run with wandb version 0.14.0
wandb: Run data is saved locally in /home-net/omartinez/TFG/wandb/run-20230504_110702-yle65c10
wandb: Run `wandb offline` to turn off syncing.
wandb: Syncing run tusken-womprat-51
wandb: â­ï¸ View project at https://wandb.ai/tfg_oriol/action_classification
wandb: ðŸš€ View run at https://wandb.ai/tfg_oriol/action_classification/runs/yle65c10
NAME: action_classification
dataset:
  NAME: epic_kitchens
  FRAME_SIZE: 112
  NUM_FRAMES: 100
  IN_CHANNELS: 3
model:
  ATTENTION: fastformer
  use_rotary_emb: false
  NUM_CLASSES: 96
  PATCH_SIZE: 16
  DEPTH: 2
  HEADS: 4
training:
  EPOCHS: 4
  SEED: 0
  BATCH_SIZE: 2
  DATA_THREADS: 5
  PRINT_BATCH: 100
  LEARNING_RATE: 1.0e-06
  PRETRAINED_STATE_PATH: None
  GPU: 4
inference:
  WEIGHTS_PATH: /home-net/omartinez/TFG/weights/
  MODEL: vanilla_attention_1

Loading the data...
Loading the training dataset
Loading the validation dataset
Epoch 0/3
----------
 - Batch Number 100 -> Loss: 2.280 Accuracy: 0.020
 - Batch Number 200 -> Loss: 1.142 Accuracy: 0.013
 - Batch Number 300 -> Loss: 0.761 Accuracy: 0.015
 - Batch Number 400 -> Loss: 0.571 Accuracy: 0.013
 - Batch Number 500 -> Loss: 0.456 Accuracy: 0.012
 - Batch Number 600 -> Loss: 0.380 Accuracy: 0.013
 - Batch Number 700 -> Loss: 0.326 Accuracy: 0.015
 - Batch Number 800 -> Loss: 0.285 Accuracy: 0.014
 - Batch Number 900 -> Loss: 0.253 Accuracy: 0.017
 - Batch Number 1000 -> Loss: 0.228 Accuracy: 0.019
 - Batch Number 1100 -> Loss: 0.207 Accuracy: 0.019
 - Batch Number 1200 -> Loss: 0.190 Accuracy: 0.021
 - Batch Number 1300 -> Loss: 0.175 Accuracy: 0.023
 - Batch Number 1400 -> Loss: 0.163 Accuracy: 0.024
 - Batch Number 1500 -> Loss: 0.152 Accuracy: 0.025
 - Batch Number 1600 -> Loss: 0.143 Accuracy: 0.025
 - Batch Number 1700 -> Loss: 0.134 Accuracy: 0.027
 - Batch Number 1800 -> Loss: 0.126 Accuracy: 0.028
 - Batch Number 1900 -> Loss: 0.120 Accuracy: 0.029
 - Batch Number 2000 -> Loss: 0.114 Accuracy: 0.031
 - Batch Number 2100 -> Loss: 0.108 Accuracy: 0.033
 - Batch Number 2200 -> Loss: 0.103 Accuracy: 0.034
 - Batch Number 2300 -> Loss: 0.099 Accuracy: 0.035
 - Batch Number 2400 -> Loss: 0.095 Accuracy: 0.037
 - Batch Number 2500 -> Loss: 0.091 Accuracy: 0.039
 - Batch Number 2600 -> Loss: 0.087 Accuracy: 0.042
 - Batch Number 2700 -> Loss: 0.084 Accuracy: 0.042
 - Batch Number 2800 -> Loss: 0.081 Accuracy: 0.045
 - Batch Number 2900 -> Loss: 0.078 Accuracy: 0.046
 - Batch Number 3000 -> Loss: 0.076 Accuracy: 0.046
 - Batch Number 3100 -> Loss: 0.073 Accuracy: 0.048
 - Batch Number 3200 -> Loss: 0.071 Accuracy: 0.049
 - Batch Number 3300 -> Loss: 0.069 Accuracy: 0.050
 - Batch Number 3400 -> Loss: 0.067 Accuracy: 0.050
 - Batch Number 3500 -> Loss: 0.065 Accuracy: 0.051
 - Batch Number 3600 -> Loss: 0.063 Accuracy: 0.052
 - Batch Number 3700 -> Loss: 0.061 Accuracy: 0.053
 - Batch Number 3800 -> Loss: 0.060 Accuracy: 0.054
 - Batch Number 3900 -> Loss: 0.058 Accuracy: 0.055
 - Batch Number 4000 -> Loss: 0.057 Accuracy: 0.056
 - Batch Number 4100 -> Loss: 0.055 Accuracy: 0.058
 - Batch Number 4200 -> Loss: 0.054 Accuracy: 0.059
 - Batch Number 4300 -> Loss: 0.053 Accuracy: 0.060
 - Batch Number 4400 -> Loss: 0.051 Accuracy: 0.061
 - Batch Number 4500 -> Loss: 0.050 Accuracy: 0.062
 - Batch Number 4600 -> Loss: 0.049 Accuracy: 0.063
 - Batch Number 4700 -> Loss: 0.048 Accuracy: 0.065
 - Batch Number 4800 -> Loss: 0.047 Accuracy: 0.065
 - Batch Number 4900 -> Loss: 0.046 Accuracy: 0.066
 - Batch Number 5000 -> Loss: 0.045 Accuracy: 0.067
 - Batch Number 5100 -> Loss: 0.044 Accuracy: 0.067
 - Batch Number 5200 -> Loss: 0.043 Accuracy: 0.068
 - Batch Number 5300 -> Loss: 0.043 Accuracy: 0.068
 - Batch Number 5400 -> Loss: 0.042 Accuracy: 0.070
 - Batch Number 5500 -> Loss: 0.041 Accuracy: 0.071
 - Batch Number 5600 -> Loss: 0.041 Accuracy: 0.072
 - Batch Number 5700 -> Loss: 0.040 Accuracy: 0.072
 - Batch Number 5800 -> Loss: 0.039 Accuracy: 0.072
 - Batch Number 5900 -> Loss: 0.038 Accuracy: 0.073
 - Batch Number 6000 -> Loss: 0.037 Accuracy: 0.074
 - Batch Number 6100 -> Loss: 0.037 Accuracy: 0.075
 - Batch Number 6200 -> Loss: 0.036 Accuracy: 0.075
 - Batch Number 6300 -> Loss: 0.036 Accuracy: 0.076
 - Batch Number 6400 -> Loss: 0.035 Accuracy: 0.076
 - Batch Number 6500 -> Loss: 0.035 Accuracy: 0.077
 - Batch Number 6600 -> Loss: 0.034 Accuracy: 0.078
 - Batch Number 6700 -> Loss: 0.034 Accuracy: 0.079
 - Batch Number 6800 -> Loss: 0.033 Accuracy: 0.079
 - Batch Number 6900 -> Loss: 0.033 Accuracy: 0.079
 - Batch Number 7000 -> Loss: 0.032 Accuracy: 0.080
 - Batch Number 7100 -> Loss: 0.032 Accuracy: 0.081
 - Batch Number 7200 -> Loss: 0.031 Accuracy: 0.081
 - Batch Number 7300 -> Loss: 0.031 Accuracy: 0.082
 - Batch Number 7400 -> Loss: 0.031 Accuracy: 0.082
 - Batch Number 7500 -> Loss: 0.030 Accuracy: 0.082
 - Batch Number 7600 -> Loss: 0.030 Accuracy: 0.083
 - Batch Number 7700 -> Loss: 0.030 Accuracy: 0.083
 - Batch Number 7800 -> Loss: 0.029 Accuracy: 0.083
 - Batch Number 7900 -> Loss: 0.029 Accuracy: 0.083
 - Batch Number 8000 -> Loss: 0.028 Accuracy: 0.083
 - Batch Number 8100 -> Loss: 0.028 Accuracy: 0.084
 - Batch Number 8200 -> Loss: 0.028 Accuracy: 0.084
 - Batch Number 8300 -> Loss: 0.027 Accuracy: 0.084
 - Batch Number 8400 -> Loss: 0.027 Accuracy: 0.084
 - Batch Number 8500 -> Loss: 0.026 Accuracy: 0.084
 - Batch Number 8600 -> Loss: 0.026 Accuracy: 0.084
 - Batch Number 8700 -> Loss: 0.026 Accuracy: 0.085
 - Batch Number 8800 -> Loss: 0.026 Accuracy: 0.085
 - Batch Number 8900 -> Loss: 0.026 Accuracy: 0.085
 - Batch Number 9000 -> Loss: 0.025 Accuracy: 0.085
 - Batch Number 9100 -> Loss: 0.025 Accuracy: 0.085
 - Batch Number 9200 -> Loss: 0.025 Accuracy: 0.085
 - Batch Number 9300 -> Loss: 0.024 Accuracy: 0.085
 - Batch Number 9400 -> Loss: 0.024 Accuracy: 0.085
 - Batch Number 9500 -> Loss: 0.024 Accuracy: 0.085
 - Batch Number 9600 -> Loss: 0.024 Accuracy: 0.085
 - Batch Number 9700 -> Loss: 0.023 Accuracy: 0.085
 - Batch Number 9800 -> Loss: 0.023 Accuracy: 0.085
 - Batch Number 9900 -> Loss: 0.023 Accuracy: 0.085
 - Batch Number 10000 -> Loss: 0.022 Accuracy: 0.086
 - Batch Number 10100 -> Loss: 0.022 Accuracy: 0.086
 - Batch Number 10200 -> Loss: 0.022 Accuracy: 0.086
 - Batch Number 10300 -> Loss: 0.022 Accuracy: 0.086
 - Batch Number 10400 -> Loss: 0.022 Accuracy: 0.086
 - Batch Number 10500 -> Loss: 0.022 Accuracy: 0.086
 - Batch Number 10600 -> Loss: 0.021 Accuracy: 0.086
 - Batch Number 10700 -> Loss: 0.021 Accuracy: 0.086
 - Batch Number 10800 -> Loss: 0.021 Accuracy: 0.087
 - Batch Number 10900 -> Loss: 0.021 Accuracy: 0.087
 - Batch Number 11000 -> Loss: 0.020 Accuracy: 0.087
 - Batch Number 11100 -> Loss: 0.020 Accuracy: 0.087
 - Batch Number 11200 -> Loss: 0.020 Accuracy: 0.087
 - Batch Number 11300 -> Loss: 0.020 Accuracy: 0.088
 - Batch Number 11400 -> Loss: 0.020 Accuracy: 0.088
 - Batch Number 11500 -> Loss: 0.020 Accuracy: 0.088
 - Batch Number 11600 -> Loss: 0.019 Accuracy: 0.088
 - Batch Number 11700 -> Loss: 0.019 Accuracy: 0.088
 - Batch Number 11800 -> Loss: 0.019 Accuracy: 0.089
 - Batch Number 11900 -> Loss: 0.019 Accuracy: 0.089
 - Batch Number 12000 -> Loss: 0.019 Accuracy: 0.089
 - Batch Number 12100 -> Loss: 0.019 Accuracy: 0.090
 - Batch Number 12200 -> Loss: 0.018 Accuracy: 0.090
 - Batch Number 12300 -> Loss: 0.018 Accuracy: 0.090
 - Batch Number 12400 -> Loss: 0.018 Accuracy: 0.090
 - Batch Number 12500 -> Loss: 0.018 Accuracy: 0.090
 - Batch Number 12600 -> Loss: 0.018 Accuracy: 0.090
 - Batch Number 12700 -> Loss: 0.018 Accuracy: 0.090
 - Batch Number 12800 -> Loss: 0.018 Accuracy: 0.090
 - Batch Number 12900 -> Loss: 0.017 Accuracy: 0.090
 - Batch Number 13000 -> Loss: 0.017 Accuracy: 0.091
 - Batch Number 13100 -> Loss: 0.017 Accuracy: 0.091
 - Batch Number 13200 -> Loss: 0.017 Accuracy: 0.091
 - Batch Number 13300 -> Loss: 0.017 Accuracy: 0.091
 - Batch Number 13400 -> Loss: 0.017 Accuracy: 0.091
 - Batch Number 13500 -> Loss: 0.017 Accuracy: 0.091
 - Batch Number 13600 -> Loss: 0.017 Accuracy: 0.091
 - Batch Number 13700 -> Loss: 0.016 Accuracy: 0.091
 - Batch Number 13800 -> Loss: 0.016 Accuracy: 0.091
 - Batch Number 13900 -> Loss: 0.016 Accuracy: 0.092
 - Batch Number 14000 -> Loss: 0.016 Accuracy: 0.092
 - Batch Number 14100 -> Loss: 0.016 Accuracy: 0.092
 - Batch Number 14200 -> Loss: 0.016 Accuracy: 0.092
 - Batch Number 14300 -> Loss: 0.016 Accuracy: 0.093
 - Batch Number 14400 -> Loss: 0.016 Accuracy: 0.093
 - Batch Number 14500 -> Loss: 0.016 Accuracy: 0.093
 - Batch Number 14600 -> Loss: 0.016 Accuracy: 0.093
 - Batch Number 14700 -> Loss: 0.015 Accuracy: 0.093
 - Batch Number 14800 -> Loss: 0.015 Accuracy: 0.094
 - Batch Number 14900 -> Loss: 0.015 Accuracy: 0.094
 - Batch Number 15000 -> Loss: 0.015 Accuracy: 0.094
 - Batch Number 15100 -> Loss: 0.015 Accuracy: 0.094
 - Batch Number 15200 -> Loss: 0.015 Accuracy: 0.094
 - Batch Number 15300 -> Loss: 0.015 Accuracy: 0.094
 - Batch Number 15400 -> Loss: 0.015 Accuracy: 0.094
 - Batch Number 15500 -> Loss: 0.015 Accuracy: 0.094
 - Batch Number 15600 -> Loss: 0.014 Accuracy: 0.094
 - Batch Number 15700 -> Loss: 0.014 Accuracy: 0.094
 - Batch Number 15800 -> Loss: 0.014 Accuracy: 0.094
 - Batch Number 15900 -> Loss: 0.014 Accuracy: 0.095
 - Batch Number 16000 -> Loss: 0.014 Accuracy: 0.095
 - Batch Number 16100 -> Loss: 0.014 Accuracy: 0.095
 - Batch Number 16200 -> Loss: 0.014 Accuracy: 0.095
 - Batch Number 16300 -> Loss: 0.014 Accuracy: 0.095
 - Batch Number 16400 -> Loss: 0.014 Accuracy: 0.095
 - Batch Number 16500 -> Loss: 0.014 Accuracy: 0.095
 - Batch Number 16600 -> Loss: 0.014 Accuracy: 0.095
 - Batch Number 16700 -> Loss: 0.014 Accuracy: 0.095
 - Batch Number 16800 -> Loss: 0.013 Accuracy: 0.095
 - Batch Number 16900 -> Loss: 0.013 Accuracy: 0.095
 - Batch Number 17000 -> Loss: 0.013 Accuracy: 0.095
 - Batch Number 17100 -> Loss: 0.013 Accuracy: 0.095
 - Batch Number 17200 -> Loss: 0.013 Accuracy: 0.095
 - Batch Number 17300 -> Loss: 0.013 Accuracy: 0.095
 - Batch Number 17400 -> Loss: 0.013 Accuracy: 0.096
 - Batch Number 17500 -> Loss: 0.013 Accuracy: 0.095
 - Batch Number 17600 -> Loss: 0.013 Accuracy: 0.096
 - Batch Number 17700 -> Loss: 0.013 Accuracy: 0.096
 - Batch Number 17800 -> Loss: 0.013 Accuracy: 0.096
 - Batch Number 17900 -> Loss: 0.013 Accuracy: 0.096
 - Batch Number 18000 -> Loss: 0.012 Accuracy: 0.096
 - Batch Number 18100 -> Loss: 0.012 Accuracy: 0.096
 - Batch Number 18200 -> Loss: 0.012 Accuracy: 0.096
 - Batch Number 18300 -> Loss: 0.012 Accuracy: 0.096
 - Batch Number 18400 -> Loss: 0.012 Accuracy: 0.096
 - Batch Number 18500 -> Loss: 0.012 Accuracy: 0.097
 - Batch Number 18600 -> Loss: 0.012 Accuracy: 0.097
 - Batch Number 18700 -> Loss: 0.012 Accuracy: 0.097
 - Batch Number 18800 -> Loss: 0.012 Accuracy: 0.097
 - Batch Number 18900 -> Loss: 0.012 Accuracy: 0.097
 - Batch Number 19000 -> Loss: 0.012 Accuracy: 0.097
 - Batch Number 19100 -> Loss: 0.012 Accuracy: 0.097
 - Batch Number 19200 -> Loss: 0.012 Accuracy: 0.097
 - Batch Number 19300 -> Loss: 0.012 Accuracy: 0.097
 - Batch Number 19400 -> Loss: 0.012 Accuracy: 0.097
 - Batch Number 19500 -> Loss: 0.012 Accuracy: 0.097
 - Batch Number 19600 -> Loss: 0.011 Accuracy: 0.097
 - Batch Number 19700 -> Loss: 0.011 Accuracy: 0.098
 - Batch Number 19800 -> Loss: 0.011 Accuracy: 0.098
 - Batch Number 19900 -> Loss: 0.011 Accuracy: 0.098
 - Batch Number 20000 -> Loss: 0.011 Accuracy: 0.098
 - Batch Number 20100 -> Loss: 0.011 Accuracy: 0.098
 - Batch Number 20200 -> Loss: 0.011 Accuracy: 0.098
 - Batch Number 20300 -> Loss: 0.011 Accuracy: 0.098
 - Batch Number 20400 -> Loss: 0.011 Accuracy: 0.099
 - Batch Number 20500 -> Loss: 0.011 Accuracy: 0.099
 - Batch Number 20600 -> Loss: 0.011 Accuracy: 0.099
 - Batch Number 20700 -> Loss: 0.011 Accuracy: 0.099
 - Batch Number 20800 -> Loss: 0.011 Accuracy: 0.099
 - Batch Number 20900 -> Loss: 0.011 Accuracy: 0.099
 - Batch Number 21000 -> Loss: 0.011 Accuracy: 0.099
 - Batch Number 21100 -> Loss: 0.011 Accuracy: 0.099
 - Batch Number 21200 -> Loss: 0.011 Accuracy: 0.100
 - Batch Number 21300 -> Loss: 0.011 Accuracy: 0.100
 - Batch Number 21400 -> Loss: 0.011 Accuracy: 0.100
 - Batch Number 21500 -> Loss: 0.010 Accuracy: 0.100
 - Batch Number 21600 -> Loss: 0.010 Accuracy: 0.100
 - Batch Number 21700 -> Loss: 0.010 Accuracy: 0.100
 - Batch Number 21800 -> Loss: 0.010 Accuracy: 0.100
 - Batch Number 21900 -> Loss: 0.010 Accuracy: 0.100
 - Batch Number 22000 -> Loss: 0.010 Accuracy: 0.101
 - Batch Number 22100 -> Loss: 0.010 Accuracy: 0.101
 - Batch Number 22200 -> Loss: 0.010 Accuracy: 0.101
 - Batch Number 22300 -> Loss: 0.010 Accuracy: 0.101
 - Batch Number 22400 -> Loss: 0.010 Accuracy: 0.101
 - Batch Number 22500 -> Loss: 0.010 Accuracy: 0.102
 - Batch Number 22600 -> Loss: 0.010 Accuracy: 0.102
 - Batch Number 22700 -> Loss: 0.010 Accuracy: 0.102
 - Batch Number 22800 -> Loss: 0.010 Accuracy: 0.102
 - Batch Number 22900 -> Loss: 0.010 Accuracy: 0.102
 - Batch Number 23000 -> Loss: 0.010 Accuracy: 0.102
 - Batch Number 23100 -> Loss: 0.010 Accuracy: 0.102
 - Batch Number 23200 -> Loss: 0.010 Accuracy: 0.102
 - Batch Number 23300 -> Loss: 0.010 Accuracy: 0.102
 - Batch Number 23400 -> Loss: 0.010 Accuracy: 0.102
 - Batch Number 23500 -> Loss: 0.010 Accuracy: 0.102
 - Batch Number 23600 -> Loss: 0.010 Accuracy: 0.102
 - Batch Number 23700 -> Loss: 0.010 Accuracy: 0.102
 - Batch Number 23800 -> Loss: 0.009 Accuracy: 0.102
 - Batch Number 23900 -> Loss: 0.009 Accuracy: 0.102
 - Batch Number 24000 -> Loss: 0.009 Accuracy: 0.102
 - Batch Number 24100 -> Loss: 0.009 Accuracy: 0.102
 - Batch Number 24200 -> Loss: 0.009 Accuracy: 0.102
 - Batch Number 24300 -> Loss: 0.009 Accuracy: 0.103
 - Batch Number 24400 -> Loss: 0.009 Accuracy: 0.102
 - Batch Number 24500 -> Loss: 0.009 Accuracy: 0.103
 - Batch Number 24600 -> Loss: 0.009 Accuracy: 0.103
 - Batch Number 24700 -> Loss: 0.009 Accuracy: 0.103
 - Batch Number 24800 -> Loss: 0.009 Accuracy: 0.103
 - Batch Number 24900 -> Loss: 0.009 Accuracy: 0.103
 - Batch Number 25000 -> Loss: 0.009 Accuracy: 0.103
 - Batch Number 25100 -> Loss: 0.009 Accuracy: 0.103
 - Batch Number 25200 -> Loss: 0.009 Accuracy: 0.103
 - Batch Number 25300 -> Loss: 0.009 Accuracy: 0.103
 - Batch Number 25400 -> Loss: 0.009 Accuracy: 0.103
 - Batch Number 25500 -> Loss: 0.009 Accuracy: 0.103
 - Batch Number 25600 -> Loss: 0.009 Accuracy: 0.103
 - Batch Number 25700 -> Loss: 0.009 Accuracy: 0.103
 - Batch Number 25800 -> Loss: 0.009 Accuracy: 0.103
 - Batch Number 25900 -> Loss: 0.009 Accuracy: 0.103
 - Batch Number 26000 -> Loss: 0.009 Accuracy: 0.103
 - Batch Number 26100 -> Loss: 0.009 Accuracy: 0.103
 - Batch Number 26200 -> Loss: 0.009 Accuracy: 0.103
 - Batch Number 26300 -> Loss: 0.009 Accuracy: 0.103
 - Batch Number 26400 -> Loss: 0.008 Accuracy: 0.103
 - Batch Number 26500 -> Loss: 0.009 Accuracy: 0.103
 - Batch Number 26600 -> Loss: 0.008 Accuracy: 0.103
 - Batch Number 26700 -> Loss: 0.008 Accuracy: 0.103
 - Batch Number 26800 -> Loss: 0.008 Accuracy: 0.103
 - Batch Number 26900 -> Loss: 0.008 Accuracy: 0.104
 - Batch Number 27000 -> Loss: 0.008 Accuracy: 0.104
 - Batch Number 27100 -> Loss: 0.008 Accuracy: 0.104
 - Batch Number 27200 -> Loss: 0.008 Accuracy: 0.104
 - Batch Number 27300 -> Loss: 0.008 Accuracy: 0.104
 - Batch Number 27400 -> Loss: 0.008 Accuracy: 0.104
 - Batch Number 27500 -> Loss: 0.008 Accuracy: 0.104
 - Batch Number 27600 -> Loss: 0.008 Accuracy: 0.104
 - Batch Number 27700 -> Loss: 0.008 Accuracy: 0.104
 - Batch Number 27800 -> Loss: 0.008 Accuracy: 0.104
 - Batch Number 27900 -> Loss: 0.008 Accuracy: 0.104
 - Batch Number 28000 -> Loss: 0.008 Accuracy: 0.105
 - Batch Number 28100 -> Loss: 0.008 Accuracy: 0.105
 - Batch Number 28200 -> Loss: 0.008 Accuracy: 0.105
 - Batch Number 28300 -> Loss: 0.008 Accuracy: 0.105
 - Batch Number 28400 -> Loss: 0.008 Accuracy: 0.105
train Loss: 2.2546 Acc: 0.1048
val Loss: 2.2463 Acc: 0.1182
Epoch 1/3
----------
 - Batch Number 100 -> Loss: 2.237 Accuracy: 0.120
 - Batch Number 200 -> Loss: 1.133 Accuracy: 0.105
 - Batch Number 300 -> Loss: 0.746 Accuracy: 0.107
 - Batch Number 400 -> Loss: 0.564 Accuracy: 0.109
 - Batch Number 500 -> Loss: 0.451 Accuracy: 0.112
 - Batch Number 600 -> Loss: 0.377 Accuracy: 0.113
 - Batch Number 700 -> Loss: 0.323 Accuracy: 0.114
 - Batch Number 800 -> Loss: 0.282 Accuracy: 0.114
 - Batch Number 900 -> Loss: 0.248 Accuracy: 0.114
 - Batch Number 1000 -> Loss: 0.225 Accuracy: 0.115
 - Batch Number 1100 -> Loss: 0.204 Accuracy: 0.114
 - Batch Number 1200 -> Loss: 0.186 Accuracy: 0.114
 - Batch Number 1300 -> Loss: 0.174 Accuracy: 0.112
 - Batch Number 1400 -> Loss: 0.160 Accuracy: 0.115
 - Batch Number 1500 -> Loss: 0.150 Accuracy: 0.114
 - Batch Number 1600 -> Loss: 0.142 Accuracy: 0.113
 - Batch Number 1700 -> Loss: 0.133 Accuracy: 0.112
 - Batch Number 1800 -> Loss: 0.125 Accuracy: 0.111
 - Batch Number 1900 -> Loss: 0.119 Accuracy: 0.110
 - Batch Number 2000 -> Loss: 0.112 Accuracy: 0.111
 - Batch Number 2100 -> Loss: 0.107 Accuracy: 0.113
 - Batch Number 2200 -> Loss: 0.102 Accuracy: 0.112
 - Batch Number 2300 -> Loss: 0.098 Accuracy: 0.112
 - Batch Number 2400 -> Loss: 0.094 Accuracy: 0.111
 - Batch Number 2500 -> Loss: 0.089 Accuracy: 0.112
 - Batch Number 2600 -> Loss: 0.086 Accuracy: 0.111
 - Batch Number 2700 -> Loss: 0.083 Accuracy: 0.112
 - Batch Number 2800 -> Loss: 0.080 Accuracy: 0.112
 - Batch Number 2900 -> Loss: 0.077 Accuracy: 0.112
 - Batch Number 3000 -> Loss: 0.075 Accuracy: 0.112
 - Batch Number 3100 -> Loss: 0.072 Accuracy: 0.111
 - Batch Number 3200 -> Loss: 0.069 Accuracy: 0.112
 - Batch Number 3300 -> Loss: 0.068 Accuracy: 0.113
 - Batch Number 3400 -> Loss: 0.066 Accuracy: 0.114
 - Batch Number 3500 -> Loss: 0.064 Accuracy: 0.115
 - Batch Number 3600 -> Loss: 0.062 Accuracy: 0.115
 - Batch Number 3700 -> Loss: 0.061 Accuracy: 0.115
 - Batch Number 3800 -> Loss: 0.059 Accuracy: 0.115
 - Batch Number 3900 -> Loss: 0.057 Accuracy: 0.116
 - Batch Number 4000 -> Loss: 0.057 Accuracy: 0.115
 - Batch Number 4100 -> Loss: 0.055 Accuracy: 0.114
 - Batch Number 4200 -> Loss: 0.054 Accuracy: 0.115
 - Batch Number 4300 -> Loss: 0.052 Accuracy: 0.114
 - Batch Number 4400 -> Loss: 0.051 Accuracy: 0.115
 - Batch Number 4500 -> Loss: 0.050 Accuracy: 0.116
 - Batch Number 4600 -> Loss: 0.049 Accuracy: 0.116
 - Batch Number 4700 -> Loss: 0.048 Accuracy: 0.116
 - Batch Number 4800 -> Loss: 0.046 Accuracy: 0.117
 - Batch Number 4900 -> Loss: 0.046 Accuracy: 0.117
 - Batch Number 5000 -> Loss: 0.045 Accuracy: 0.117
 - Batch Number 5100 -> Loss: 0.044 Accuracy: 0.117
 - Batch Number 5200 -> Loss: 0.043 Accuracy: 0.118
 - Batch Number 5300 -> Loss: 0.042 Accuracy: 0.118
 - Batch Number 5400 -> Loss: 0.042 Accuracy: 0.118
 - Batch Number 5500 -> Loss: 0.041 Accuracy: 0.117
 - Batch Number 5600 -> Loss: 0.040 Accuracy: 0.119
 - Batch Number 5700 -> Loss: 0.040 Accuracy: 0.119
 - Batch Number 5800 -> Loss: 0.039 Accuracy: 0.119
 - Batch Number 5900 -> Loss: 0.038 Accuracy: 0.119
 - Batch Number 6000 -> Loss: 0.037 Accuracy: 0.120
 - Batch Number 6100 -> Loss: 0.037 Accuracy: 0.121
 - Batch Number 6200 -> Loss: 0.036 Accuracy: 0.121
 - Batch Number 6300 -> Loss: 0.035 Accuracy: 0.120
 - Batch Number 6400 -> Loss: 0.035 Accuracy: 0.121
 - Batch Number 6500 -> Loss: 0.035 Accuracy: 0.121
 - Batch Number 6600 -> Loss: 0.034 Accuracy: 0.121
 - Batch Number 6700 -> Loss: 0.033 Accuracy: 0.121
 - Batch Number 6800 -> Loss: 0.033 Accuracy: 0.120
 - Batch Number 6900 -> Loss: 0.032 Accuracy: 0.120
 - Batch Number 7000 -> Loss: 0.032 Accuracy: 0.120
 - Batch Number 7100 -> Loss: 0.032 Accuracy: 0.120
 - Batch Number 7200 -> Loss: 0.031 Accuracy: 0.120
 - Batch Number 7300 -> Loss: 0.031 Accuracy: 0.120
 - Batch Number 7400 -> Loss: 0.030 Accuracy: 0.120
 - Batch Number 7500 -> Loss: 0.030 Accuracy: 0.120
 - Batch Number 7600 -> Loss: 0.029 Accuracy: 0.120
 - Batch Number 7700 -> Loss: 0.029 Accuracy: 0.121
 - Batch Number 7800 -> Loss: 0.029 Accuracy: 0.121
 - Batch Number 7900 -> Loss: 0.029 Accuracy: 0.121
 - Batch Number 8000 -> Loss: 0.028 Accuracy: 0.121
 - Batch Number 8100 -> Loss: 0.028 Accuracy: 0.121
 - Batch Number 8200 -> Loss: 0.027 Accuracy: 0.121
 - Batch Number 8300 -> Loss: 0.027 Accuracy: 0.121
 - Batch Number 8400 -> Loss: 0.027 Accuracy: 0.121
 - Batch Number 8500 -> Loss: 0.026 Accuracy: 0.121
 - Batch Number 8600 -> Loss: 0.026 Accuracy: 0.121
 - Batch Number 8700 -> Loss: 0.026 Accuracy: 0.121
 - Batch Number 8800 -> Loss: 0.026 Accuracy: 0.121
 - Batch Number 8900 -> Loss: 0.025 Accuracy: 0.121
 - Batch Number 9000 -> Loss: 0.025 Accuracy: 0.121
 - Batch Number 9100 -> Loss: 0.025 Accuracy: 0.121
 - Batch Number 9200 -> Loss: 0.025 Accuracy: 0.121
 - Batch Number 9300 -> Loss: 0.024 Accuracy: 0.121
 - Batch Number 9400 -> Loss: 0.024 Accuracy: 0.121
 - Batch Number 9500 -> Loss: 0.024 Accuracy: 0.121
 - Batch Number 9600 -> Loss: 0.024 Accuracy: 0.121
 - Batch Number 9700 -> Loss: 0.023 Accuracy: 0.121
 - Batch Number 9800 -> Loss: 0.023 Accuracy: 0.121
 - Batch Number 9900 -> Loss: 0.023 Accuracy: 0.121
 - Batch Number 10000 -> Loss: 0.022 Accuracy: 0.121
 - Batch Number 10100 -> Loss: 0.022 Accuracy: 0.121
 - Batch Number 10200 -> Loss: 0.022 Accuracy: 0.121
 - Batch Number 10300 -> Loss: 0.022 Accuracy: 0.121
 - Batch Number 10400 -> Loss: 0.022 Accuracy: 0.121
 - Batch Number 10500 -> Loss: 0.021 Accuracy: 0.121
 - Batch Number 10600 -> Loss: 0.021 Accuracy: 0.121
 - Batch Number 10700 -> Loss: 0.021 Accuracy: 0.121
 - Batch Number 10800 -> Loss: 0.021 Accuracy: 0.121
 - Batch Number 10900 -> Loss: 0.021 Accuracy: 0.121
 - Batch Number 11000 -> Loss: 0.020 Accuracy: 0.122
 - Batch Number 11100 -> Loss: 0.020 Accuracy: 0.122
 - Batch Number 11200 -> Loss: 0.020 Accuracy: 0.122
 - Batch Number 11300 -> Loss: 0.020 Accuracy: 0.122
 - Batch Number 11400 -> Loss: 0.020 Accuracy: 0.121
 - Batch Number 11500 -> Loss: 0.020 Accuracy: 0.121
 - Batch Number 11600 -> Loss: 0.019 Accuracy: 0.121
 - Batch Number 11700 -> Loss: 0.019 Accuracy: 0.121
 - Batch Number 11800 -> Loss: 0.019 Accuracy: 0.122
 - Batch Number 11900 -> Loss: 0.019 Accuracy: 0.122
 - Batch Number 12000 -> Loss: 0.019 Accuracy: 0.122
 - Batch Number 12100 -> Loss: 0.019 Accuracy: 0.122
 - Batch Number 12200 -> Loss: 0.018 Accuracy: 0.122
 - Batch Number 12300 -> Loss: 0.018 Accuracy: 0.122
 - Batch Number 12400 -> Loss: 0.018 Accuracy: 0.122
 - Batch Number 12500 -> Loss: 0.018 Accuracy: 0.122
 - Batch Number 12600 -> Loss: 0.018 Accuracy: 0.122
 - Batch Number 12700 -> Loss: 0.017 Accuracy: 0.122
 - Batch Number 12800 -> Loss: 0.018 Accuracy: 0.122
 - Batch Number 12900 -> Loss: 0.017 Accuracy: 0.122
 - Batch Number 13000 -> Loss: 0.017 Accuracy: 0.122
 - Batch Number 13100 -> Loss: 0.017 Accuracy: 0.122
 - Batch Number 13200 -> Loss: 0.017 Accuracy: 0.122
 - Batch Number 13300 -> Loss: 0.017 Accuracy: 0.122
 - Batch Number 13400 -> Loss: 0.017 Accuracy: 0.122
 - Batch Number 13500 -> Loss: 0.017 Accuracy: 0.122
 - Batch Number 13600 -> Loss: 0.016 Accuracy: 0.122
 - Batch Number 13700 -> Loss: 0.016 Accuracy: 0.122
 - Batch Number 13800 -> Loss: 0.016 Accuracy: 0.122
 - Batch Number 13900 -> Loss: 0.016 Accuracy: 0.122
 - Batch Number 14000 -> Loss: 0.016 Accuracy: 0.121
 - Batch Number 14100 -> Loss: 0.016 Accuracy: 0.122
 - Batch Number 14200 -> Loss: 0.016 Accuracy: 0.122
 - Batch Number 14300 -> Loss: 0.016 Accuracy: 0.122
 - Batch Number 14400 -> Loss: 0.015 Accuracy: 0.122
 - Batch Number 14500 -> Loss: 0.015 Accuracy: 0.122
 - Batch Number 14600 -> Loss: 0.015 Accuracy: 0.122
 - Batch Number 14700 -> Loss: 0.015 Accuracy: 0.122
 - Batch Number 14800 -> Loss: 0.015 Accuracy: 0.122
 - Batch Number 14900 -> Loss: 0.015 Accuracy: 0.122
 - Batch Number 15000 -> Loss: 0.015 Accuracy: 0.122
 - Batch Number 15100 -> Loss: 0.015 Accuracy: 0.122
 - Batch Number 15200 -> Loss: 0.015 Accuracy: 0.121
 - Batch Number 15300 -> Loss: 0.014 Accuracy: 0.122
 - Batch Number 15400 -> Loss: 0.015 Accuracy: 0.121
 - Batch Number 15500 -> Loss: 0.014 Accuracy: 0.121
 - Batch Number 15600 -> Loss: 0.014 Accuracy: 0.121
 - Batch Number 15700 -> Loss: 0.014 Accuracy: 0.121
 - Batch Number 15800 -> Loss: 0.014 Accuracy: 0.121
 - Batch Number 15900 -> Loss: 0.014 Accuracy: 0.121
 - Batch Number 16000 -> Loss: 0.014 Accuracy: 0.121
 - Batch Number 16100 -> Loss: 0.014 Accuracy: 0.121
 - Batch Number 16200 -> Loss: 0.014 Accuracy: 0.121
 - Batch Number 16300 -> Loss: 0.014 Accuracy: 0.121
 - Batch Number 16400 -> Loss: 0.014 Accuracy: 0.121
 - Batch Number 16500 -> Loss: 0.014 Accuracy: 0.121
 - Batch Number 16600 -> Loss: 0.014 Accuracy: 0.121
 - Batch Number 16700 -> Loss: 0.013 Accuracy: 0.121
 - Batch Number 16800 -> Loss: 0.013 Accuracy: 0.121
 - Batch Number 16900 -> Loss: 0.013 Accuracy: 0.121
 - Batch Number 17000 -> Loss: 0.013 Accuracy: 0.121
 - Batch Number 17100 -> Loss: 0.013 Accuracy: 0.121
 - Batch Number 17200 -> Loss: 0.013 Accuracy: 0.121
 - Batch Number 17300 -> Loss: 0.013 Accuracy: 0.121
 - Batch Number 17400 -> Loss: 0.013 Accuracy: 0.122
 - Batch Number 17500 -> Loss: 0.013 Accuracy: 0.122
 - Batch Number 17600 -> Loss: 0.013 Accuracy: 0.122
 - Batch Number 17700 -> Loss: 0.013 Accuracy: 0.122
 - Batch Number 17800 -> Loss: 0.013 Accuracy: 0.122
 - Batch Number 17900 -> Loss: 0.013 Accuracy: 0.121
 - Batch Number 18000 -> Loss: 0.013 Accuracy: 0.121
 - Batch Number 18100 -> Loss: 0.013 Accuracy: 0.121
 - Batch Number 18200 -> Loss: 0.012 Accuracy: 0.121
 - Batch Number 18300 -> Loss: 0.012 Accuracy: 0.121
 - Batch Number 18400 -> Loss: 0.012 Accuracy: 0.121
 - Batch Number 18500 -> Loss: 0.012 Accuracy: 0.121
 - Batch Number 18600 -> Loss: 0.012 Accuracy: 0.121
 - Batch Number 18700 -> Loss: 0.012 Accuracy: 0.121
 - Batch Number 18800 -> Loss: 0.012 Accuracy: 0.121
 - Batch Number 18900 -> Loss: 0.012 Accuracy: 0.121
 - Batch Number 19000 -> Loss: 0.012 Accuracy: 0.121
 - Batch Number 19100 -> Loss: 0.012 Accuracy: 0.121
 - Batch Number 19200 -> Loss: 0.012 Accuracy: 0.122
 - Batch Number 19300 -> Loss: 0.012 Accuracy: 0.122
 - Batch Number 19400 -> Loss: 0.012 Accuracy: 0.121
 - Batch Number 19500 -> Loss: 0.011 Accuracy: 0.121
 - Batch Number 19600 -> Loss: 0.011 Accuracy: 0.121
 - Batch Number 19700 -> Loss: 0.011 Accuracy: 0.121
 - Batch Number 19800 -> Loss: 0.011 Accuracy: 0.121
 - Batch Number 19900 -> Loss: 0.011 Accuracy: 0.121
 - Batch Number 20000 -> Loss: 0.011 Accuracy: 0.121
 - Batch Number 20100 -> Loss: 0.011 Accuracy: 0.121
 - Batch Number 20200 -> Loss: 0.011 Accuracy: 0.121
 - Batch Number 20300 -> Loss: 0.011 Accuracy: 0.121
 - Batch Number 20400 -> Loss: 0.011 Accuracy: 0.121
 - Batch Number 20500 -> Loss: 0.011 Accuracy: 0.121
 - Batch Number 20600 -> Loss: 0.011 Accuracy: 0.121
 - Batch Number 20700 -> Loss: 0.011 Accuracy: 0.121
 - Batch Number 20800 -> Loss: 0.011 Accuracy: 0.121
 - Batch Number 20900 -> Loss: 0.011 Accuracy: 0.121
 - Batch Number 21000 -> Loss: 0.011 Accuracy: 0.121
 - Batch Number 21100 -> Loss: 0.011 Accuracy: 0.121
 - Batch Number 21200 -> Loss: 0.011 Accuracy: 0.121
 - Batch Number 21300 -> Loss: 0.011 Accuracy: 0.121
 - Batch Number 21400 -> Loss: 0.011 Accuracy: 0.121
 - Batch Number 21500 -> Loss: 0.010 Accuracy: 0.121
 - Batch Number 21600 -> Loss: 0.010 Accuracy: 0.121
 - Batch Number 21700 -> Loss: 0.010 Accuracy: 0.121
 - Batch Number 21800 -> Loss: 0.010 Accuracy: 0.121
 - Batch Number 21900 -> Loss: 0.010 Accuracy: 0.121
 - Batch Number 22000 -> Loss: 0.010 Accuracy: 0.121
 - Batch Number 22100 -> Loss: 0.010 Accuracy: 0.121
 - Batch Number 22200 -> Loss: 0.010 Accuracy: 0.121
 - Batch Number 22300 -> Loss: 0.010 Accuracy: 0.121
 - Batch Number 22400 -> Loss: 0.010 Accuracy: 0.121
 - Batch Number 22500 -> Loss: 0.010 Accuracy: 0.121
 - Batch Number 22600 -> Loss: 0.010 Accuracy: 0.121
 - Batch Number 22700 -> Loss: 0.010 Accuracy: 0.121
 - Batch Number 22800 -> Loss: 0.010 Accuracy: 0.121
 - Batch Number 22900 -> Loss: 0.010 Accuracy: 0.121
 - Batch Number 23000 -> Loss: 0.010 Accuracy: 0.121
 - Batch Number 23100 -> Loss: 0.010 Accuracy: 0.122
 - Batch Number 23200 -> Loss: 0.010 Accuracy: 0.122
 - Batch Number 23300 -> Loss: 0.010 Accuracy: 0.122
 - Batch Number 23400 -> Loss: 0.010 Accuracy: 0.122
 - Batch Number 23500 -> Loss: 0.010 Accuracy: 0.122
 - Batch Number 23600 -> Loss: 0.009 Accuracy: 0.122
 - Batch Number 23700 -> Loss: 0.010 Accuracy: 0.122
 - Batch Number 23800 -> Loss: 0.009 Accuracy: 0.122
 - Batch Number 23900 -> Loss: 0.009 Accuracy: 0.122
 - Batch Number 24000 -> Loss: 0.009 Accuracy: 0.122
 - Batch Number 24100 -> Loss: 0.009 Accuracy: 0.122
 - Batch Number 24200 -> Loss: 0.009 Accuracy: 0.122
 - Batch Number 24300 -> Loss: 0.009 Accuracy: 0.122
 - Batch Number 24400 -> Loss: 0.009 Accuracy: 0.122
 - Batch Number 24500 -> Loss: 0.009 Accuracy: 0.122
 - Batch Number 24600 -> Loss: 0.009 Accuracy: 0.122
 - Batch Number 24700 -> Loss: 0.009 Accuracy: 0.123
 - Batch Number 24800 -> Loss: 0.009 Accuracy: 0.123
 - Batch Number 24900 -> Loss: 0.009 Accuracy: 0.122
 - Batch Number 25000 -> Loss: 0.009 Accuracy: 0.122
 - Batch Number 25100 -> Loss: 0.009 Accuracy: 0.122
 - Batch Number 25200 -> Loss: 0.009 Accuracy: 0.123
 - Batch Number 25300 -> Loss: 0.009 Accuracy: 0.122
 - Batch Number 25400 -> Loss: 0.009 Accuracy: 0.123
 - Batch Number 25500 -> Loss: 0.009 Accuracy: 0.123
 - Batch Number 25600 -> Loss: 0.009 Accuracy: 0.123
 - Batch Number 25700 -> Loss: 0.009 Accuracy: 0.123
 - Batch Number 25800 -> Loss: 0.009 Accuracy: 0.123
 - Batch Number 25900 -> Loss: 0.009 Accuracy: 0.123
 - Batch Number 26000 -> Loss: 0.009 Accuracy: 0.123
 - Batch Number 26100 -> Loss: 0.009 Accuracy: 0.123
 - Batch Number 26200 -> Loss: 0.009 Accuracy: 0.123
 - Batch Number 26300 -> Loss: 0.009 Accuracy: 0.123
 - Batch Number 26400 -> Loss: 0.009 Accuracy: 0.123
 - Batch Number 26500 -> Loss: 0.008 Accuracy: 0.123
 - Batch Number 26600 -> Loss: 0.008 Accuracy: 0.123
 - Batch Number 26700 -> Loss: 0.008 Accuracy: 0.123
 - Batch Number 26800 -> Loss: 0.008 Accuracy: 0.123
 - Batch Number 26900 -> Loss: 0.008 Accuracy: 0.123
 - Batch Number 27000 -> Loss: 0.008 Accuracy: 0.123
 - Batch Number 27100 -> Loss: 0.008 Accuracy: 0.123
 - Batch Number 27200 -> Loss: 0.008 Accuracy: 0.123
 - Batch Number 27300 -> Loss: 0.008 Accuracy: 0.123
 - Batch Number 27400 -> Loss: 0.008 Accuracy: 0.123
 - Batch Number 27500 -> Loss: 0.008 Accuracy: 0.123
 - Batch Number 27600 -> Loss: 0.008 Accuracy: 0.123
 - Batch Number 27700 -> Loss: 0.008 Accuracy: 0.123
 - Batch Number 27800 -> Loss: 0.008 Accuracy: 0.124
 - Batch Number 27900 -> Loss: 0.008 Accuracy: 0.124
 - Batch Number 28000 -> Loss: 0.008 Accuracy: 0.124
 - Batch Number 28100 -> Loss: 0.008 Accuracy: 0.124
 - Batch Number 28200 -> Loss: 0.008 Accuracy: 0.124
 - Batch Number 28300 -> Loss: 0.008 Accuracy: 0.124
 - Batch Number 28400 -> Loss: 0.008 Accuracy: 0.124
train Loss: 2.2444 Acc: 0.1242
val Loss: 2.2434 Acc: 0.1361
Epoch 2/3
----------
 - Batch Number 100 -> Loss: 2.261 Accuracy: 0.120
 - Batch Number 200 -> Loss: 1.131 Accuracy: 0.135
 - Batch Number 300 -> Loss: 0.745 Accuracy: 0.135
 - Batch Number 400 -> Loss: 0.554 Accuracy: 0.142
 - Batch Number 500 -> Loss: 0.446 Accuracy: 0.150
 - Batch Number 600 -> Loss: 0.371 Accuracy: 0.147
 - Batch Number 700 -> Loss: 0.323 Accuracy: 0.146
 - Batch Number 800 -> Loss: 0.279 Accuracy: 0.144
 - Batch Number 900 -> Loss: 0.250 Accuracy: 0.149
 - Batch Number 1000 -> Loss: 0.225 Accuracy: 0.142
 - Batch Number 1100 -> Loss: 0.203 Accuracy: 0.143
 - Batch Number 1200 -> Loss: 0.186 Accuracy: 0.147
 - Batch Number 1300 -> Loss: 0.175 Accuracy: 0.145
 - Batch Number 1400 -> Loss: 0.162 Accuracy: 0.143
 - Batch Number 1500 -> Loss: 0.149 Accuracy: 0.142
 - Batch Number 1600 -> Loss: 0.140 Accuracy: 0.141
 - Batch Number 1700 -> Loss: 0.132 Accuracy: 0.138
 - Batch Number 1800 -> Loss: 0.126 Accuracy: 0.136
 - Batch Number 1900 -> Loss: 0.118 Accuracy: 0.138
 - Batch Number 2000 -> Loss: 0.112 Accuracy: 0.137
 - Batch Number 2100 -> Loss: 0.108 Accuracy: 0.135
 - Batch Number 2200 -> Loss: 0.103 Accuracy: 0.133
 - Batch Number 2300 -> Loss: 0.098 Accuracy: 0.133
 - Batch Number 2400 -> Loss: 0.093 Accuracy: 0.134
 - Batch Number 2500 -> Loss: 0.090 Accuracy: 0.133
 - Batch Number 2600 -> Loss: 0.086 Accuracy: 0.133
 - Batch Number 2700 -> Loss: 0.083 Accuracy: 0.134
 - Batch Number 2800 -> Loss: 0.081 Accuracy: 0.133
 - Batch Number 2900 -> Loss: 0.078 Accuracy: 0.132
 - Batch Number 3000 -> Loss: 0.075 Accuracy: 0.132
 - Batch Number 3100 -> Loss: 0.072 Accuracy: 0.132
 - Batch Number 3200 -> Loss: 0.070 Accuracy: 0.131
 - Batch Number 3300 -> Loss: 0.069 Accuracy: 0.131
 - Batch Number 3400 -> Loss: 0.066 Accuracy: 0.131
 - Batch Number 3500 -> Loss: 0.064 Accuracy: 0.132
 - Batch Number 3600 -> Loss: 0.062 Accuracy: 0.132
 - Batch Number 3700 -> Loss: 0.061 Accuracy: 0.131
 - Batch Number 3800 -> Loss: 0.059 Accuracy: 0.131
 - Batch Number 3900 -> Loss: 0.058 Accuracy: 0.131
 - Batch Number 4000 -> Loss: 0.056 Accuracy: 0.131
 - Batch Number 4100 -> Loss: 0.055 Accuracy: 0.131
 - Batch Number 4200 -> Loss: 0.053 Accuracy: 0.130
 - Batch Number 4300 -> Loss: 0.052 Accuracy: 0.130
 - Batch Number 4400 -> Loss: 0.050 Accuracy: 0.129
 - Batch Number 4500 -> Loss: 0.050 Accuracy: 0.129
 - Batch Number 4600 -> Loss: 0.049 Accuracy: 0.129
 - Batch Number 4700 -> Loss: 0.048 Accuracy: 0.129
 - Batch Number 4800 -> Loss: 0.046 Accuracy: 0.130
 - Batch Number 4900 -> Loss: 0.045 Accuracy: 0.130
 - Batch Number 5000 -> Loss: 0.045 Accuracy: 0.130
 - Batch Number 5100 -> Loss: 0.044 Accuracy: 0.129
 - Batch Number 5200 -> Loss: 0.043 Accuracy: 0.129
 - Batch Number 5300 -> Loss: 0.043 Accuracy: 0.129
 - Batch Number 5400 -> Loss: 0.041 Accuracy: 0.128
 - Batch Number 5500 -> Loss: 0.040 Accuracy: 0.128
 - Batch Number 5600 -> Loss: 0.040 Accuracy: 0.127
 - Batch Number 5700 -> Loss: 0.040 Accuracy: 0.127
 - Batch Number 5800 -> Loss: 0.039 Accuracy: 0.128
 - Batch Number 5900 -> Loss: 0.038 Accuracy: 0.127
 - Batch Number 6000 -> Loss: 0.037 Accuracy: 0.128
 - Batch Number 6100 -> Loss: 0.037 Accuracy: 0.128
 - Batch Number 6200 -> Loss: 0.036 Accuracy: 0.128
 - Batch Number 6300 -> Loss: 0.036 Accuracy: 0.127
 - Batch Number 6400 -> Loss: 0.035 Accuracy: 0.127
 - Batch Number 6500 -> Loss: 0.034 Accuracy: 0.127
 - Batch Number 6600 -> Loss: 0.034 Accuracy: 0.127
 - Batch Number 6700 -> Loss: 0.033 Accuracy: 0.127
 - Batch Number 6800 -> Loss: 0.033 Accuracy: 0.127
 - Batch Number 6900 -> Loss: 0.032 Accuracy: 0.127
 - Batch Number 7000 -> Loss: 0.032 Accuracy: 0.127
 - Batch Number 7100 -> Loss: 0.031 Accuracy: 0.126
 - Batch Number 7200 -> Loss: 0.031 Accuracy: 0.126
 - Batch Number 7300 -> Loss: 0.031 Accuracy: 0.127
 - Batch Number 7400 -> Loss: 0.031 Accuracy: 0.126
 - Batch Number 7500 -> Loss: 0.030 Accuracy: 0.126
 - Batch Number 7600 -> Loss: 0.030 Accuracy: 0.127
 - Batch Number 7700 -> Loss: 0.029 Accuracy: 0.127
 - Batch Number 7800 -> Loss: 0.029 Accuracy: 0.127
 - Batch Number 7900 -> Loss: 0.028 Accuracy: 0.127
 - Batch Number 8000 -> Loss: 0.028 Accuracy: 0.126
 - Batch Number 8100 -> Loss: 0.028 Accuracy: 0.126
 - Batch Number 8200 -> Loss: 0.027 Accuracy: 0.126
 - Batch Number 8300 -> Loss: 0.027 Accuracy: 0.127
 - Batch Number 8400 -> Loss: 0.027 Accuracy: 0.127
 - Batch Number 8500 -> Loss: 0.026 Accuracy: 0.127
 - Batch Number 8600 -> Loss: 0.026 Accuracy: 0.128
 - Batch Number 8700 -> Loss: 0.026 Accuracy: 0.128
 - Batch Number 8800 -> Loss: 0.025 Accuracy: 0.128
 - Batch Number 8900 -> Loss: 0.025 Accuracy: 0.128
 - Batch Number 9000 -> Loss: 0.025 Accuracy: 0.128
 - Batch Number 9100 -> Loss: 0.025 Accuracy: 0.128
 - Batch Number 9200 -> Loss: 0.025 Accuracy: 0.128
 - Batch Number 9300 -> Loss: 0.024 Accuracy: 0.129
 - Batch Number 9400 -> Loss: 0.024 Accuracy: 0.129
 - Batch Number 9500 -> Loss: 0.024 Accuracy: 0.129
 - Batch Number 9600 -> Loss: 0.023 Accuracy: 0.129
 - Batch Number 9700 -> Loss: 0.023 Accuracy: 0.129
 - Batch Number 9800 -> Loss: 0.023 Accuracy: 0.129
 - Batch Number 9900 -> Loss: 0.023 Accuracy: 0.129
 - Batch Number 10000 -> Loss: 0.022 Accuracy: 0.129
 - Batch Number 10100 -> Loss: 0.022 Accuracy: 0.129
 - Batch Number 10200 -> Loss: 0.022 Accuracy: 0.129
 - Batch Number 10300 -> Loss: 0.022 Accuracy: 0.129
 - Batch Number 10400 -> Loss: 0.021 Accuracy: 0.129
 - Batch Number 10500 -> Loss: 0.021 Accuracy: 0.129
 - Batch Number 10600 -> Loss: 0.021 Accuracy: 0.129
 - Batch Number 10700 -> Loss: 0.021 Accuracy: 0.129
 - Batch Number 10800 -> Loss: 0.021 Accuracy: 0.128
 - Batch Number 10900 -> Loss: 0.021 Accuracy: 0.128
 - Batch Number 11000 -> Loss: 0.020 Accuracy: 0.128
 - Batch Number 11100 -> Loss: 0.020 Accuracy: 0.129
 - Batch Number 11200 -> Loss: 0.020 Accuracy: 0.129
 - Batch Number 11300 -> Loss: 0.020 Accuracy: 0.129
 - Batch Number 11400 -> Loss: 0.019 Accuracy: 0.129
 - Batch Number 11500 -> Loss: 0.019 Accuracy: 0.129
 - Batch Number 11600 -> Loss: 0.019 Accuracy: 0.129
 - Batch Number 11700 -> Loss: 0.019 Accuracy: 0.129
 - Batch Number 11800 -> Loss: 0.019 Accuracy: 0.129
 - Batch Number 11900 -> Loss: 0.019 Accuracy: 0.129
 - Batch Number 12000 -> Loss: 0.019 Accuracy: 0.129
 - Batch Number 12100 -> Loss: 0.019 Accuracy: 0.129
 - Batch Number 12200 -> Loss: 0.018 Accuracy: 0.129
 - Batch Number 12300 -> Loss: 0.018 Accuracy: 0.129
 - Batch Number 12400 -> Loss: 0.018 Accuracy: 0.129
 - Batch Number 12500 -> Loss: 0.018 Accuracy: 0.129
 - Batch Number 12600 -> Loss: 0.018 Accuracy: 0.129
 - Batch Number 12700 -> Loss: 0.018 Accuracy: 0.129
 - Batch Number 12800 -> Loss: 0.017 Accuracy: 0.129
 - Batch Number 12900 -> Loss: 0.017 Accuracy: 0.129
 - Batch Number 13000 -> Loss: 0.017 Accuracy: 0.129
 - Batch Number 13100 -> Loss: 0.017 Accuracy: 0.129
 - Batch Number 13200 -> Loss: 0.017 Accuracy: 0.129
 - Batch Number 13300 -> Loss: 0.017 Accuracy: 0.129
 - Batch Number 13400 -> Loss: 0.017 Accuracy: 0.129
 - Batch Number 13500 -> Loss: 0.017 Accuracy: 0.129
 - Batch Number 13600 -> Loss: 0.017 Accuracy: 0.129
 - Batch Number 13700 -> Loss: 0.016 Accuracy: 0.129
 - Batch Number 13800 -> Loss: 0.016 Accuracy: 0.129
 - Batch Number 13900 -> Loss: 0.016 Accuracy: 0.129
 - Batch Number 14000 -> Loss: 0.016 Accuracy: 0.129
 - Batch Number 14100 -> Loss: 0.016 Accuracy: 0.129
 - Batch Number 14200 -> Loss: 0.016 Accuracy: 0.129
 - Batch Number 14300 -> Loss: 0.016 Accuracy: 0.129
 - Batch Number 14400 -> Loss: 0.016 Accuracy: 0.129
 - Batch Number 14500 -> Loss: 0.015 Accuracy: 0.129
 - Batch Number 14600 -> Loss: 0.015 Accuracy: 0.130
 - Batch Number 14700 -> Loss: 0.015 Accuracy: 0.129
 - Batch Number 14800 -> Loss: 0.015 Accuracy: 0.129
 - Batch Number 14900 -> Loss: 0.015 Accuracy: 0.130
 - Batch Number 15000 -> Loss: 0.015 Accuracy: 0.130
 - Batch Number 15100 -> Loss: 0.015 Accuracy: 0.130
 - Batch Number 15200 -> Loss: 0.015 Accuracy: 0.130
 - Batch Number 15300 -> Loss: 0.015 Accuracy: 0.130
 - Batch Number 15400 -> Loss: 0.015 Accuracy: 0.130
 - Batch Number 15500 -> Loss: 0.015 Accuracy: 0.130
 - Batch Number 15600 -> Loss: 0.014 Accuracy: 0.130
 - Batch Number 15700 -> Loss: 0.014 Accuracy: 0.130
 - Batch Number 15800 -> Loss: 0.014 Accuracy: 0.130
 - Batch Number 15900 -> Loss: 0.014 Accuracy: 0.130
 - Batch Number 16000 -> Loss: 0.014 Accuracy: 0.130
 - Batch Number 16100 -> Loss: 0.014 Accuracy: 0.130
 - Batch Number 16200 -> Loss: 0.014 Accuracy: 0.130
 - Batch Number 16300 -> Loss: 0.014 Accuracy: 0.130
 - Batch Number 16400 -> Loss: 0.014 Accuracy: 0.130
 - Batch Number 16500 -> Loss: 0.014 Accuracy: 0.130
 - Batch Number 16600 -> Loss: 0.013 Accuracy: 0.130
 - Batch Number 16700 -> Loss: 0.013 Accuracy: 0.130
 - Batch Number 16800 -> Loss: 0.013 Accuracy: 0.130
 - Batch Number 16900 -> Loss: 0.013 Accuracy: 0.130
 - Batch Number 17000 -> Loss: 0.013 Accuracy: 0.130
 - Batch Number 17100 -> Loss: 0.013 Accuracy: 0.130
 - Batch Number 17200 -> Loss: 0.013 Accuracy: 0.130
 - Batch Number 17300 -> Loss: 0.013 Accuracy: 0.130
 - Batch Number 17400 -> Loss: 0.013 Accuracy: 0.130
 - Batch Number 17500 -> Loss: 0.013 Accuracy: 0.130
 - Batch Number 17600 -> Loss: 0.013 Accuracy: 0.130
 - Batch Number 17700 -> Loss: 0.013 Accuracy: 0.130
 - Batch Number 17800 -> Loss: 0.013 Accuracy: 0.130
 - Batch Number 17900 -> Loss: 0.013 Accuracy: 0.130
 - Batch Number 18000 -> Loss: 0.012 Accuracy: 0.130
 - Batch Number 18100 -> Loss: 0.012 Accuracy: 0.130
 - Batch Number 18200 -> Loss: 0.012 Accuracy: 0.130
 - Batch Number 18300 -> Loss: 0.012 Accuracy: 0.130
 - Batch Number 18400 -> Loss: 0.012 Accuracy: 0.129
 - Batch Number 18500 -> Loss: 0.012 Accuracy: 0.129
 - Batch Number 18600 -> Loss: 0.012 Accuracy: 0.129
 - Batch Number 18700 -> Loss: 0.012 Accuracy: 0.129
 - Batch Number 18800 -> Loss: 0.012 Accuracy: 0.129
 - Batch Number 18900 -> Loss: 0.012 Accuracy: 0.129
 - Batch Number 19000 -> Loss: 0.012 Accuracy: 0.130
 - Batch Number 19100 -> Loss: 0.012 Accuracy: 0.130
 - Batch Number 19200 -> Loss: 0.012 Accuracy: 0.130
 - Batch Number 19300 -> Loss: 0.012 Accuracy: 0.130
 - Batch Number 19400 -> Loss: 0.011 Accuracy: 0.129
 - Batch Number 19500 -> Loss: 0.011 Accuracy: 0.129
 - Batch Number 19600 -> Loss: 0.011 Accuracy: 0.129
 - Batch Number 19700 -> Loss: 0.011 Accuracy: 0.129
 - Batch Number 19800 -> Loss: 0.011 Accuracy: 0.129
 - Batch Number 19900 -> Loss: 0.011 Accuracy: 0.129
 - Batch Number 20000 -> Loss: 0.011 Accuracy: 0.129
 - Batch Number 20100 -> Loss: 0.011 Accuracy: 0.129
 - Batch Number 20200 -> Loss: 0.011 Accuracy: 0.130
 - Batch Number 20300 -> Loss: 0.011 Accuracy: 0.130
 - Batch Number 20400 -> Loss: 0.011 Accuracy: 0.130
 - Batch Number 20500 -> Loss: 0.011 Accuracy: 0.130
 - Batch Number 20600 -> Loss: 0.011 Accuracy: 0.130
 - Batch Number 20700 -> Loss: 0.011 Accuracy: 0.130
 - Batch Number 20800 -> Loss: 0.011 Accuracy: 0.130
 - Batch Number 20900 -> Loss: 0.011 Accuracy: 0.130
 - Batch Number 21000 -> Loss: 0.011 Accuracy: 0.130
 - Batch Number 21100 -> Loss: 0.011 Accuracy: 0.130
 - Batch Number 21200 -> Loss: 0.011 Accuracy: 0.130
 - Batch Number 21300 -> Loss: 0.011 Accuracy: 0.130
 - Batch Number 21400 -> Loss: 0.011 Accuracy: 0.130
 - Batch Number 21500 -> Loss: 0.010 Accuracy: 0.130
 - Batch Number 21600 -> Loss: 0.010 Accuracy: 0.130
 - Batch Number 21700 -> Loss: 0.010 Accuracy: 0.130
 - Batch Number 21800 -> Loss: 0.010 Accuracy: 0.130
 - Batch Number 21900 -> Loss: 0.010 Accuracy: 0.130
 - Batch Number 22000 -> Loss: 0.010 Accuracy: 0.130
 - Batch Number 22100 -> Loss: 0.010 Accuracy: 0.130
 - Batch Number 22200 -> Loss: 0.010 Accuracy: 0.130
 - Batch Number 22300 -> Loss: 0.010 Accuracy: 0.130
 - Batch Number 22400 -> Loss: 0.010 Accuracy: 0.130
 - Batch Number 22500 -> Loss: 0.010 Accuracy: 0.130
 - Batch Number 22600 -> Loss: 0.010 Accuracy: 0.130
 - Batch Number 22700 -> Loss: 0.010 Accuracy: 0.130
 - Batch Number 22800 -> Loss: 0.010 Accuracy: 0.130
 - Batch Number 22900 -> Loss: 0.010 Accuracy: 0.130
 - Batch Number 23000 -> Loss: 0.010 Accuracy: 0.130
 - Batch Number 23100 -> Loss: 0.010 Accuracy: 0.130
 - Batch Number 23200 -> Loss: 0.010 Accuracy: 0.130
 - Batch Number 23300 -> Loss: 0.010 Accuracy: 0.130
 - Batch Number 23400 -> Loss: 0.010 Accuracy: 0.130
 - Batch Number 23500 -> Loss: 0.010 Accuracy: 0.130
 - Batch Number 23600 -> Loss: 0.009 Accuracy: 0.130
 - Batch Number 23700 -> Loss: 0.009 Accuracy: 0.130
 - Batch Number 23800 -> Loss: 0.009 Accuracy: 0.130
 - Batch Number 23900 -> Loss: 0.009 Accuracy: 0.130
 - Batch Number 24000 -> Loss: 0.009 Accuracy: 0.130
 - Batch Number 24100 -> Loss: 0.009 Accuracy: 0.130
 - Batch Number 24200 -> Loss: 0.009 Accuracy: 0.130
 - Batch Number 24300 -> Loss: 0.009 Accuracy: 0.130
 - Batch Number 24400 -> Loss: 0.009 Accuracy: 0.130
 - Batch Number 24500 -> Loss: 0.009 Accuracy: 0.130
 - Batch Number 24600 -> Loss: 0.009 Accuracy: 0.130
 - Batch Number 24700 -> Loss: 0.009 Accuracy: 0.130
 - Batch Number 24800 -> Loss: 0.009 Accuracy: 0.130
 - Batch Number 24900 -> Loss: 0.009 Accuracy: 0.130
 - Batch Number 25000 -> Loss: 0.009 Accuracy: 0.130
 - Batch Number 25100 -> Loss: 0.009 Accuracy: 0.130
 - Batch Number 25200 -> Loss: 0.009 Accuracy: 0.130
 - Batch Number 25300 -> Loss: 0.009 Accuracy: 0.130
 - Batch Number 25400 -> Loss: 0.009 Accuracy: 0.130
 - Batch Number 25500 -> Loss: 0.009 Accuracy: 0.130
 - Batch Number 25600 -> Loss: 0.009 Accuracy: 0.130
 - Batch Number 25700 -> Loss: 0.009 Accuracy: 0.130
 - Batch Number 25800 -> Loss: 0.009 Accuracy: 0.130
 - Batch Number 25900 -> Loss: 0.009 Accuracy: 0.130
 - Batch Number 26000 -> Loss: 0.009 Accuracy: 0.130
 - Batch Number 26100 -> Loss: 0.009 Accuracy: 0.130
 - Batch Number 26200 -> Loss: 0.009 Accuracy: 0.130
 - Batch Number 26300 -> Loss: 0.009 Accuracy: 0.130
 - Batch Number 26400 -> Loss: 0.008 Accuracy: 0.130
 - Batch Number 26500 -> Loss: 0.008 Accuracy: 0.131
 - Batch Number 26600 -> Loss: 0.008 Accuracy: 0.131
 - Batch Number 26700 -> Loss: 0.008 Accuracy: 0.130
 - Batch Number 26800 -> Loss: 0.008 Accuracy: 0.130
 - Batch Number 26900 -> Loss: 0.008 Accuracy: 0.130
 - Batch Number 27000 -> Loss: 0.008 Accuracy: 0.130
 - Batch Number 27100 -> Loss: 0.008 Accuracy: 0.130
 - Batch Number 27200 -> Loss: 0.008 Accuracy: 0.130
 - Batch Number 27300 -> Loss: 0.008 Accuracy: 0.130
 - Batch Number 27400 -> Loss: 0.008 Accuracy: 0.130
 - Batch Number 27500 -> Loss: 0.008 Accuracy: 0.130
 - Batch Number 27600 -> Loss: 0.008 Accuracy: 0.130
 - Batch Number 27700 -> Loss: 0.008 Accuracy: 0.130
 - Batch Number 27800 -> Loss: 0.008 Accuracy: 0.130
 - Batch Number 27900 -> Loss: 0.008 Accuracy: 0.130
 - Batch Number 28000 -> Loss: 0.008 Accuracy: 0.130
 - Batch Number 28100 -> Loss: 0.008 Accuracy: 0.130
 - Batch Number 28200 -> Loss: 0.008 Accuracy: 0.130
 - Batch Number 28300 -> Loss: 0.008 Accuracy: 0.130
 - Batch Number 28400 -> Loss: 0.008 Accuracy: 0.130
train Loss: 2.2429 Acc: 0.1303
val Loss: 2.2428 Acc: 0.1378
Epoch 3/3
----------
