Training starting...
Datetime: 2023-05-08 13:08:47.487158
wandb: Currently logged in as: oriolmartinez (tfg_oriol). Use `wandb login --relogin` to force relogin
wandb: wandb version 0.15.2 is available!  To upgrade, please run:
wandb:  $ pip install wandb --upgrade
wandb: Tracking run with wandb version 0.14.0
wandb: Run data is saved locally in /home-net/omartinez/TFG/wandb/run-20230508_130856-jkq5qc8x
wandb: Run `wandb offline` to turn off syncing.
wandb: Syncing run dutiful-dew-63
wandb: â­ï¸ View project at https://wandb.ai/tfg_oriol/action_classification
wandb: ðŸš€ View run at https://wandb.ai/tfg_oriol/action_classification/runs/jkq5qc8x
NAME: action_classification
dataset:
  NAME: epic_kitchens
  FRAME_SIZE: 112
  NUM_FRAMES: 100
  IN_CHANNELS: 3
model:
  ATTENTION: vanilla_attention
  NUM_CLASSES: 96
  PATCH_SIZE: 16
  DEPTH: 2
  HEADS: 4
training:
  EPOCHS: 4
  SEED: 0
  BATCH_SIZE: 4
  DATA_THREADS: 5
  PRINT_BATCH: 50
  LEARNING_RATE: 1.0e-06
  PRETRAINED_STATE_PATH: None
  GPU: 0
inference:
  WEIGHTS_PATH: /home-net/omartinez/TFG/weights/
  MODEL: vanilla_attention_1

Loading the data...
Loading the training dataset
Loading the validation dataset
Epoch 0/3
----------
 - Batch Number 50 -> Loss: 4.543 Accuracy: 0.009
 - Batch Number 100 -> Loss: 4.541 Accuracy: 0.010
 - Batch Number 150 -> Loss: 4.561 Accuracy: 0.018
 - Batch Number 200 -> Loss: 4.593 Accuracy: 0.011
 - Batch Number 250 -> Loss: 4.564 Accuracy: 0.013
 - Batch Number 300 -> Loss: 4.585 Accuracy: 0.016
 - Batch Number 350 -> Loss: 4.548 Accuracy: 0.032
 - Batch Number 400 -> Loss: 4.561 Accuracy: 0.014
 - Batch Number 450 -> Loss: 4.472 Accuracy: 0.022
 - Batch Number 500 -> Loss: 4.575 Accuracy: 0.039
 - Batch Number 550 -> Loss: 4.546 Accuracy: 0.037
 - Batch Number 600 -> Loss: 4.540 Accuracy: 0.013
 - Batch Number 650 -> Loss: 4.591 Accuracy: 0.037
 - Batch Number 700 -> Loss: 4.593 Accuracy: 0.017
 - Batch Number 750 -> Loss: 4.552 Accuracy: 0.024
 - Batch Number 800 -> Loss: 4.548 Accuracy: 0.039
 - Batch Number 850 -> Loss: 4.566 Accuracy: 0.014
 - Batch Number 900 -> Loss: 4.555 Accuracy: 0.012
 - Batch Number 950 -> Loss: 4.585 Accuracy: 0.058
 - Batch Number 1000 -> Loss: 4.495 Accuracy: 0.033
 - Batch Number 1050 -> Loss: 4.576 Accuracy: 0.018
 - Batch Number 1100 -> Loss: 4.610 Accuracy: 0.002
 - Batch Number 1150 -> Loss: 4.571 Accuracy: 0.051
 - Batch Number 1200 -> Loss: 4.561 Accuracy: 0.018
 - Batch Number 1250 -> Loss: 4.613 Accuracy: 0.017
 - Batch Number 1300 -> Loss: 4.553 Accuracy: 0.020
 - Batch Number 1350 -> Loss: 4.541 Accuracy: 0.016
 - Batch Number 1400 -> Loss: 4.574 Accuracy: 0.043
 - Batch Number 1450 -> Loss: 4.574 Accuracy: 0.026
 - Batch Number 1500 -> Loss: 4.495 Accuracy: 0.015
 - Batch Number 1550 -> Loss: 4.516 Accuracy: 0.050
 - Batch Number 1600 -> Loss: 4.537 Accuracy: 0.038
 - Batch Number 1650 -> Loss: 4.568 Accuracy: 0.050
 - Batch Number 1700 -> Loss: 4.561 Accuracy: 0.029
 - Batch Number 1750 -> Loss: 4.604 Accuracy: 0.032
 - Batch Number 1800 -> Loss: 4.542 Accuracy: 0.068
 - Batch Number 1850 -> Loss: 4.486 Accuracy: 0.045
 - Batch Number 1900 -> Loss: 4.558 Accuracy: 0.047
 - Batch Number 1950 -> Loss: 4.291 Accuracy: 0.009
 - Batch Number 2000 -> Loss: 4.564 Accuracy: 0.019
 - Batch Number 2050 -> Loss: 4.575 Accuracy: 0.013
 - Batch Number 2100 -> Loss: 4.556 Accuracy: 0.064
 - Batch Number 2150 -> Loss: 4.622 Accuracy: 0.018
 - Batch Number 2200 -> Loss: 4.582 Accuracy: 0.014
 - Batch Number 2250 -> Loss: 4.561 Accuracy: 0.030
 - Batch Number 2300 -> Loss: 4.580 Accuracy: 0.024
 - Batch Number 2350 -> Loss: 4.453 Accuracy: 0.031
 - Batch Number 2400 -> Loss: 4.503 Accuracy: 0.040
 - Batch Number 2450 -> Loss: 4.551 Accuracy: 0.039
 - Batch Number 2500 -> Loss: 4.532 Accuracy: 0.017
 - Batch Number 2550 -> Loss: 4.548 Accuracy: 0.034
 - Batch Number 2600 -> Loss: 4.584 Accuracy: 0.022
 - Batch Number 2650 -> Loss: 4.424 Accuracy: 0.031
 - Batch Number 2700 -> Loss: 4.371 Accuracy: 0.056
 - Batch Number 2750 -> Loss: 4.500 Accuracy: 0.030
 - Batch Number 2800 -> Loss: 4.505 Accuracy: 0.039
 - Batch Number 2850 -> Loss: 4.547 Accuracy: 0.034
 - Batch Number 2900 -> Loss: 4.560 Accuracy: 0.010
 - Batch Number 2950 -> Loss: 4.594 Accuracy: 0.040
 - Batch Number 3000 -> Loss: 4.581 Accuracy: 0.027
 - Batch Number 3050 -> Loss: 4.519 Accuracy: 0.034
 - Batch Number 3100 -> Loss: 4.531 Accuracy: 0.021
 - Batch Number 3150 -> Loss: 4.562 Accuracy: 0.042
 - Batch Number 3200 -> Loss: 4.565 Accuracy: 0.032
 - Batch Number 3250 -> Loss: 4.562 Accuracy: 0.040
 - Batch Number 3300 -> Loss: 4.413 Accuracy: 0.049
 - Batch Number 3350 -> Loss: 4.603 Accuracy: 0.019
 - Batch Number 3400 -> Loss: 4.566 Accuracy: 0.034
 - Batch Number 3450 -> Loss: 4.537 Accuracy: 0.042
 - Batch Number 3500 -> Loss: 4.323 Accuracy: 0.033
 - Batch Number 3550 -> Loss: 4.592 Accuracy: 0.037
 - Batch Number 3600 -> Loss: 4.495 Accuracy: 0.018
 - Batch Number 3650 -> Loss: 4.462 Accuracy: 0.050
 - Batch Number 3700 -> Loss: 4.396 Accuracy: 0.033
 - Batch Number 3750 -> Loss: 4.458 Accuracy: 0.052
 - Batch Number 3800 -> Loss: 4.567 Accuracy: 0.019
 - Batch Number 3850 -> Loss: 4.066 Accuracy: 0.022
 - Batch Number 3900 -> Loss: 4.564 Accuracy: 0.043
 - Batch Number 3950 -> Loss: 4.407 Accuracy: 0.036
 - Batch Number 4000 -> Loss: 4.570 Accuracy: 0.038
 - Batch Number 4050 -> Loss: 4.489 Accuracy: 0.037
 - Batch Number 4100 -> Loss: 4.557 Accuracy: 0.062
 - Batch Number 4150 -> Loss: 4.531 Accuracy: 0.018
 - Batch Number 4200 -> Loss: 4.597 Accuracy: 0.022
 - Batch Number 4250 -> Loss: 4.560 Accuracy: 0.032
 - Batch Number 4300 -> Loss: 4.596 Accuracy: 0.032
 - Batch Number 4350 -> Loss: 4.359 Accuracy: 0.041
 - Batch Number 4400 -> Loss: 4.518 Accuracy: 0.036
 - Batch Number 4450 -> Loss: 4.567 Accuracy: 0.057
 - Batch Number 4500 -> Loss: 4.329 Accuracy: 0.037
 - Batch Number 4550 -> Loss: 4.553 Accuracy: 0.033
 - Batch Number 4600 -> Loss: 4.601 Accuracy: 0.038
 - Batch Number 4650 -> Loss: 4.580 Accuracy: 0.026
 - Batch Number 4700 -> Loss: 4.427 Accuracy: 0.044
 - Batch Number 4750 -> Loss: 4.587 Accuracy: 0.049
 - Batch Number 4800 -> Loss: 4.326 Accuracy: 0.039
 - Batch Number 4850 -> Loss: 4.590 Accuracy: 0.037
 - Batch Number 4900 -> Loss: 4.580 Accuracy: 0.034
 - Batch Number 4950 -> Loss: 4.481 Accuracy: 0.050
 - Batch Number 5000 -> Loss: 4.525 Accuracy: 0.015
 - Batch Number 5050 -> Loss: 4.027 Accuracy: 0.062
 - Batch Number 5100 -> Loss: 4.610 Accuracy: 0.052
 - Batch Number 5150 -> Loss: 4.425 Accuracy: 0.031
 - Batch Number 5200 -> Loss: 4.496 Accuracy: 0.033
 - Batch Number 5250 -> Loss: 4.497 Accuracy: 0.014
 - Batch Number 5300 -> Loss: 4.499 Accuracy: 0.035
 - Batch Number 5350 -> Loss: 4.567 Accuracy: 0.035
 - Batch Number 5400 -> Loss: 4.488 Accuracy: 0.040
 - Batch Number 5450 -> Loss: 4.510 Accuracy: 0.023
 - Batch Number 5500 -> Loss: 4.490 Accuracy: 0.026
 - Batch Number 5550 -> Loss: 4.334 Accuracy: 0.033
 - Batch Number 5600 -> Loss: 4.588 Accuracy: 0.041
 - Batch Number 5650 -> Loss: 4.587 Accuracy: 0.083
 - Batch Number 5700 -> Loss: 4.577 Accuracy: 0.034
 - Batch Number 5750 -> Loss: 4.401 Accuracy: 0.058
 - Batch Number 5800 -> Loss: 4.554 Accuracy: 0.033
 - Batch Number 5850 -> Loss: 4.511 Accuracy: 0.017
 - Batch Number 5900 -> Loss: 4.575 Accuracy: 0.029
 - Batch Number 5950 -> Loss: 4.623 Accuracy: 0.022
 - Batch Number 6000 -> Loss: 4.530 Accuracy: 0.029
 - Batch Number 6050 -> Loss: 4.603 Accuracy: 0.028
 - Batch Number 6100 -> Loss: 4.564 Accuracy: 0.051
 - Batch Number 6150 -> Loss: 4.636 Accuracy: 0.047
 - Batch Number 6200 -> Loss: 4.587 Accuracy: 0.031
 - Batch Number 6250 -> Loss: 4.634 Accuracy: 0.039
 - Batch Number 6300 -> Loss: 4.573 Accuracy: 0.067
 - Batch Number 6350 -> Loss: 4.593 Accuracy: 0.020
 - Batch Number 6400 -> Loss: 4.509 Accuracy: 0.020
 - Batch Number 6450 -> Loss: 4.575 Accuracy: 0.033
 - Batch Number 6500 -> Loss: 4.582 Accuracy: 0.065
 - Batch Number 6550 -> Loss: 4.658 Accuracy: 0.088
 - Batch Number 6600 -> Loss: 4.552 Accuracy: 0.041
 - Batch Number 6650 -> Loss: 4.580 Accuracy: 0.030
 - Batch Number 6700 -> Loss: 4.641 Accuracy: 0.045
 - Batch Number 6750 -> Loss: 4.602 Accuracy: 0.028
 - Batch Number 6800 -> Loss: 4.391 Accuracy: 0.039
 - Batch Number 6850 -> Loss: 4.395 Accuracy: 0.044
 - Batch Number 6900 -> Loss: 4.558 Accuracy: 0.059
 - Batch Number 6950 -> Loss: 4.637 Accuracy: 0.036
 - Batch Number 7000 -> Loss: 4.658 Accuracy: 0.034
 - Batch Number 7050 -> Loss: 4.572 Accuracy: 0.027
 - Batch Number 7100 -> Loss: 4.124 Accuracy: 0.041
 - Batch Number 7150 -> Loss: 4.555 Accuracy: 0.071
 - Batch Number 7200 -> Loss: 4.594 Accuracy: 0.047
 - Batch Number 7250 -> Loss: 4.581 Accuracy: 0.040
 - Batch Number 7300 -> Loss: 4.370 Accuracy: 0.024
 - Batch Number 7350 -> Loss: 4.537 Accuracy: 0.026
 - Batch Number 7400 -> Loss: 4.427 Accuracy: 0.047
 - Batch Number 7450 -> Loss: 4.324 Accuracy: 0.032
 - Batch Number 7500 -> Loss: 4.524 Accuracy: 0.015
 - Batch Number 7550 -> Loss: 4.546 Accuracy: 0.036
 - Batch Number 7600 -> Loss: 4.141 Accuracy: 0.050
 - Batch Number 7650 -> Loss: 4.576 Accuracy: 0.066
 - Batch Number 7700 -> Loss: 4.581 Accuracy: 0.066
 - Batch Number 7750 -> Loss: 4.502 Accuracy: 0.024
 - Batch Number 7800 -> Loss: 4.719 Accuracy: 0.030
 - Batch Number 7850 -> Loss: 4.274 Accuracy: 0.037
 - Batch Number 7900 -> Loss: 4.666 Accuracy: 0.064
 - Batch Number 7950 -> Loss: 4.625 Accuracy: 0.032
 - Batch Number 8000 -> Loss: 4.607 Accuracy: 0.025
 - Batch Number 8050 -> Loss: 4.600 Accuracy: 0.050
 - Batch Number 8100 -> Loss: 4.252 Accuracy: 0.032
 - Batch Number 8150 -> Loss: 4.566 Accuracy: 0.029
 - Batch Number 8200 -> Loss: 4.495 Accuracy: 0.027
 - Batch Number 8250 -> Loss: 4.550 Accuracy: 0.055
 - Batch Number 8300 -> Loss: 4.630 Accuracy: 0.044
 - Batch Number 8350 -> Loss: 4.588 Accuracy: 0.036
 - Batch Number 8400 -> Loss: 4.560 Accuracy: 0.031
 - Batch Number 8450 -> Loss: 4.464 Accuracy: 0.035
 - Batch Number 8500 -> Loss: 4.494 Accuracy: 0.055
 - Batch Number 8550 -> Loss: 4.620 Accuracy: 0.028
 - Batch Number 8600 -> Loss: 4.598 Accuracy: 0.049
 - Batch Number 8650 -> Loss: 4.531 Accuracy: 0.063
 - Batch Number 8700 -> Loss: 4.553 Accuracy: 0.075
 - Batch Number 8750 -> Loss: 4.666 Accuracy: 0.029
 - Batch Number 8800 -> Loss: 4.605 Accuracy: 0.061
 - Batch Number 8850 -> Loss: 4.504 Accuracy: 0.069
 - Batch Number 8900 -> Loss: 4.399 Accuracy: 0.051
 - Batch Number 8950 -> Loss: 4.585 Accuracy: 0.039
 - Batch Number 9000 -> Loss: 4.532 Accuracy: 0.031
 - Batch Number 9050 -> Loss: 4.657 Accuracy: 0.035
 - Batch Number 9100 -> Loss: 4.502 Accuracy: 0.020
 - Batch Number 9150 -> Loss: 4.563 Accuracy: 0.062
 - Batch Number 9200 -> Loss: 4.498 Accuracy: 0.041
 - Batch Number 9250 -> Loss: 4.560 Accuracy: 0.052
 - Batch Number 9300 -> Loss: 4.654 Accuracy: 0.043
 - Batch Number 9350 -> Loss: 4.547 Accuracy: 0.036
 - Batch Number 9400 -> Loss: 4.582 Accuracy: 0.037
 - Batch Number 9450 -> Loss: 4.557 Accuracy: 0.058
 - Batch Number 9500 -> Loss: 4.400 Accuracy: 0.035
 - Batch Number 9550 -> Loss: 4.598 Accuracy: 0.039
 - Batch Number 9600 -> Loss: 4.508 Accuracy: 0.035
 - Batch Number 9650 -> Loss: 4.663 Accuracy: 0.066
 - Batch Number 9700 -> Loss: 4.595 Accuracy: 0.036
 - Batch Number 9750 -> Loss: 4.482 Accuracy: 0.052
 - Batch Number 9800 -> Loss: 4.702 Accuracy: 0.058
 - Batch Number 9850 -> Loss: 4.272 Accuracy: 0.039
 - Batch Number 9900 -> Loss: 4.276 Accuracy: 0.013
 - Batch Number 9950 -> Loss: 4.298 Accuracy: 0.021
 - Batch Number 10000 -> Loss: 4.592 Accuracy: 0.082
 - Batch Number 10050 -> Loss: 4.593 Accuracy: 0.039
 - Batch Number 10100 -> Loss: 4.305 Accuracy: 0.053
 - Batch Number 10150 -> Loss: 4.544 Accuracy: 0.040
 - Batch Number 10200 -> Loss: 4.455 Accuracy: 0.023
 - Batch Number 10250 -> Loss: 4.451 Accuracy: 0.043
 - Batch Number 10300 -> Loss: 4.542 Accuracy: 0.037
 - Batch Number 10350 -> Loss: 4.608 Accuracy: 0.030
 - Batch Number 10400 -> Loss: 4.554 Accuracy: 0.022
 - Batch Number 10450 -> Loss: 4.656 Accuracy: 0.040
 - Batch Number 10500 -> Loss: 4.323 Accuracy: 0.038
 - Batch Number 10550 -> Loss: 4.527 Accuracy: 0.034
 - Batch Number 10600 -> Loss: 4.652 Accuracy: 0.047
 - Batch Number 10650 -> Loss: 4.552 Accuracy: 0.010
 - Batch Number 10700 -> Loss: 4.474 Accuracy: 0.019
 - Batch Number 10750 -> Loss: 4.471 Accuracy: 0.028
 - Batch Number 10800 -> Loss: 4.275 Accuracy: 0.029
 - Batch Number 10850 -> Loss: 4.438 Accuracy: 0.047
 - Batch Number 10900 -> Loss: 4.475 Accuracy: 0.050
 - Batch Number 10950 -> Loss: 4.622 Accuracy: 0.030
 - Batch Number 11000 -> Loss: 4.540 Accuracy: 0.083
 - Batch Number 11050 -> Loss: 4.559 Accuracy: 0.029
 - Batch Number 11100 -> Loss: 4.588 Accuracy: 0.034
 - Batch Number 11150 -> Loss: 4.657 Accuracy: 0.013
 - Batch Number 11200 -> Loss: 4.622 Accuracy: 0.018
 - Batch Number 11250 -> Loss: 4.215 Accuracy: 0.024
 - Batch Number 11300 -> Loss: 4.524 Accuracy: 0.043
 - Batch Number 11350 -> Loss: 4.676 Accuracy: 0.041
 - Batch Number 11400 -> Loss: 4.132 Accuracy: 0.041
 - Batch Number 11450 -> Loss: 4.686 Accuracy: 0.033
 - Batch Number 11500 -> Loss: 4.522 Accuracy: 0.027
 - Batch Number 11550 -> Loss: 4.577 Accuracy: 0.029
 - Batch Number 11600 -> Loss: 4.547 Accuracy: 0.022
 - Batch Number 11650 -> Loss: 4.426 Accuracy: 0.033
 - Batch Number 11700 -> Loss: 4.099 Accuracy: 0.048
 - Batch Number 11750 -> Loss: 4.589 Accuracy: 0.023
 - Batch Number 11800 -> Loss: 4.333 Accuracy: 0.060
 - Batch Number 11850 -> Loss: 4.702 Accuracy: 0.042
 - Batch Number 11900 -> Loss: 4.233 Accuracy: 0.036
 - Batch Number 11950 -> Loss: 4.555 Accuracy: 0.067
 - Batch Number 12000 -> Loss: 4.390 Accuracy: 0.047
 - Batch Number 12050 -> Loss: 4.639 Accuracy: 0.034
 - Batch Number 12100 -> Loss: 4.337 Accuracy: 0.054
 - Batch Number 12150 -> Loss: 4.242 Accuracy: 0.025
 - Batch Number 12200 -> Loss: 4.683 Accuracy: 0.015
 - Batch Number 12250 -> Loss: 4.009 Accuracy: 0.041
 - Batch Number 12300 -> Loss: 4.505 Accuracy: 0.045
 - Batch Number 12350 -> Loss: 4.473 Accuracy: 0.077
 - Batch Number 12400 -> Loss: 4.447 Accuracy: 0.044
 - Batch Number 12450 -> Loss: 4.785 Accuracy: 0.022
 - Batch Number 12500 -> Loss: 4.737 Accuracy: 0.018
 - Batch Number 12550 -> Loss: 4.661 Accuracy: 0.044
 - Batch Number 12600 -> Loss: 4.504 Accuracy: 0.061
 - Batch Number 12650 -> Loss: 4.354 Accuracy: 0.032
 - Batch Number 12700 -> Loss: 4.438 Accuracy: 0.031
 - Batch Number 12750 -> Loss: 4.239 Accuracy: 0.025
 - Batch Number 12800 -> Loss: 4.301 Accuracy: 0.016
 - Batch Number 12850 -> Loss: 4.573 Accuracy: 0.049
 - Batch Number 12900 -> Loss: 4.363 Accuracy: 0.035
 - Batch Number 12950 -> Loss: 4.378 Accuracy: 0.049
 - Batch Number 13000 -> Loss: 4.614 Accuracy: 0.036
 - Batch Number 13050 -> Loss: 4.537 Accuracy: 0.039
 - Batch Number 13100 -> Loss: 4.602 Accuracy: 0.038
 - Batch Number 13150 -> Loss: 4.220 Accuracy: 0.053
 - Batch Number 13200 -> Loss: 4.490 Accuracy: 0.062
 - Batch Number 13250 -> Loss: 4.527 Accuracy: 0.037
 - Batch Number 13300 -> Loss: 4.158 Accuracy: 0.030
 - Batch Number 13350 -> Loss: 4.530 Accuracy: 0.032
 - Batch Number 13400 -> Loss: 4.643 Accuracy: 0.043
 - Batch Number 13450 -> Loss: 4.601 Accuracy: 0.037
 - Batch Number 13500 -> Loss: 4.277 Accuracy: 0.021
 - Batch Number 13550 -> Loss: 4.461 Accuracy: 0.039
 - Batch Number 13600 -> Loss: 4.615 Accuracy: 0.044
 - Batch Number 13650 -> Loss: 4.685 Accuracy: 0.050
 - Batch Number 13700 -> Loss: 4.240 Accuracy: 0.064
 - Batch Number 13750 -> Loss: 4.154 Accuracy: 0.035
 - Batch Number 13800 -> Loss: 4.209 Accuracy: 0.031
 - Batch Number 13850 -> Loss: 4.464 Accuracy: 0.034
 - Batch Number 13900 -> Loss: 4.393 Accuracy: 0.055
 - Batch Number 13950 -> Loss: 4.409 Accuracy: 0.040
 - Batch Number 14000 -> Loss: 4.376 Accuracy: 0.043
 - Batch Number 14050 -> Loss: 4.436 Accuracy: 0.028
 - Batch Number 14100 -> Loss: 4.266 Accuracy: 0.021
 - Batch Number 14150 -> Loss: 4.602 Accuracy: 0.064
 - Batch Number 14200 -> Loss: 4.715 Accuracy: 0.029
train Loss: 4.5017 Acc: 0.0140
val Loss: 4.4823 Acc: 0.0215
Epoch 1/3
----------
wandb: Network error (ConnectionError), entering retry loop.
 - Batch Number 50 -> Loss: 4.292 Accuracy: 0.038
 - Batch Number 100 -> Loss: 4.480 Accuracy: 0.040
 - Batch Number 150 -> Loss: 4.640 Accuracy: 0.051
 - Batch Number 200 -> Loss: 4.531 Accuracy: 0.026
 - Batch Number 250 -> Loss: 4.553 Accuracy: 0.036
 - Batch Number 300 -> Loss: 4.302 Accuracy: 0.018
 - Batch Number 350 -> Loss: 4.205 Accuracy: 0.043
 - Batch Number 400 -> Loss: 4.570 Accuracy: 0.021
 - Batch Number 450 -> Loss: 4.050 Accuracy: 0.030
 - Batch Number 500 -> Loss: 4.443 Accuracy: 0.051
 - Batch Number 550 -> Loss: 4.448 Accuracy: 0.066
 - Batch Number 600 -> Loss: 4.573 Accuracy: 0.046
 - Batch Number 650 -> Loss: 4.418 Accuracy: 0.007
 - Batch Number 700 -> Loss: 4.489 Accuracy: 0.063
 - Batch Number 750 -> Loss: 4.259 Accuracy: 0.041
 - Batch Number 800 -> Loss: 4.576 Accuracy: 0.025
 - Batch Number 850 -> Loss: 4.701 Accuracy: 0.024
 - Batch Number 900 -> Loss: 4.588 Accuracy: 0.040
 - Batch Number 950 -> Loss: 4.244 Accuracy: 0.076
 - Batch Number 1000 -> Loss: 4.131 Accuracy: 0.020
 - Batch Number 1050 -> Loss: 4.594 Accuracy: 0.033
 - Batch Number 1100 -> Loss: 4.711 Accuracy: 0.026
 - Batch Number 1150 -> Loss: 4.229 Accuracy: 0.056
 - Batch Number 1200 -> Loss: 4.185 Accuracy: 0.044
 - Batch Number 1250 -> Loss: 4.141 Accuracy: 0.032
 - Batch Number 1300 -> Loss: 4.468 Accuracy: 0.035
 - Batch Number 1350 -> Loss: 4.447 Accuracy: 0.014
 - Batch Number 1400 -> Loss: 4.268 Accuracy: 0.048
 - Batch Number 1450 -> Loss: 4.182 Accuracy: 0.065
 - Batch Number 1500 -> Loss: 4.345 Accuracy: 0.036
 - Batch Number 1550 -> Loss: 4.228 Accuracy: 0.026
 - Batch Number 1600 -> Loss: 4.333 Accuracy: 0.065
 - Batch Number 1650 -> Loss: 4.718 Accuracy: 0.025
 - Batch Number 1700 -> Loss: 4.737 Accuracy: 0.035
 - Batch Number 1750 -> Loss: 4.380 Accuracy: 0.032
 - Batch Number 1800 -> Loss: 4.349 Accuracy: 0.081
 - Batch Number 1850 -> Loss: 4.217 Accuracy: 0.040
 - Batch Number 1900 -> Loss: 4.575 Accuracy: 0.031
 - Batch Number 1950 -> Loss: 4.807 Accuracy: 0.040
 - Batch Number 2000 -> Loss: 4.575 Accuracy: 0.056
 - Batch Number 2050 -> Loss: 4.534 Accuracy: 0.005
 - Batch Number 2100 -> Loss: 4.393 Accuracy: 0.062
 - Batch Number 2150 -> Loss: 4.462 Accuracy: 0.043
 - Batch Number 2200 -> Loss: 4.403 Accuracy: 0.032
 - Batch Number 2250 -> Loss: 4.796 Accuracy: 0.063
 - Batch Number 2300 -> Loss: 4.387 Accuracy: 0.030
 - Batch Number 2350 -> Loss: 4.647 Accuracy: 0.045
 - Batch Number 2400 -> Loss: 4.305 Accuracy: 0.065
 - Batch Number 2450 -> Loss: 4.415 Accuracy: 0.028
 - Batch Number 2500 -> Loss: 4.010 Accuracy: 0.033
 - Batch Number 2550 -> Loss: 4.581 Accuracy: 0.022
 - Batch Number 2600 -> Loss: 4.874 Accuracy: 0.034
 - Batch Number 2650 -> Loss: 4.572 Accuracy: 0.021
 - Batch Number 2700 -> Loss: 4.870 Accuracy: 0.011
 - Batch Number 2750 -> Loss: 4.565 Accuracy: 0.022
 - Batch Number 2800 -> Loss: 4.510 Accuracy: 0.049
 - Batch Number 2850 -> Loss: 4.540 Accuracy: 0.026
 - Batch Number 2900 -> Loss: 4.213 Accuracy: 0.042
 - Batch Number 2950 -> Loss: 4.094 Accuracy: 0.038
 - Batch Number 3000 -> Loss: 4.486 Accuracy: 0.028
 - Batch Number 3050 -> Loss: 4.240 Accuracy: 0.025
 - Batch Number 3100 -> Loss: 4.130 Accuracy: 0.059
 - Batch Number 3150 -> Loss: 4.363 Accuracy: 0.023
 - Batch Number 3200 -> Loss: 4.340 Accuracy: 0.021
 - Batch Number 3250 -> Loss: 4.624 Accuracy: 0.036
 - Batch Number 3300 -> Loss: 4.764 Accuracy: 0.041
 - Batch Number 3350 -> Loss: 4.599 Accuracy: 0.029
 - Batch Number 3400 -> Loss: 4.672 Accuracy: 0.031
 - Batch Number 3450 -> Loss: 4.256 Accuracy: 0.032
 - Batch Number 3500 -> Loss: 4.608 Accuracy: 0.027
 - Batch Number 3550 -> Loss: 4.610 Accuracy: 0.034
 - Batch Number 3600 -> Loss: 4.477 Accuracy: 0.055
 - Batch Number 3650 -> Loss: 4.379 Accuracy: 0.060
 - Batch Number 3700 -> Loss: 4.560 Accuracy: 0.069
 - Batch Number 3750 -> Loss: 4.585 Accuracy: 0.028
 - Batch Number 3800 -> Loss: 4.117 Accuracy: 0.048
 - Batch Number 3850 -> Loss: 4.523 Accuracy: 0.039
 - Batch Number 3900 -> Loss: 4.639 Accuracy: 0.040
 - Batch Number 3950 -> Loss: 4.737 Accuracy: 0.059
 - Batch Number 4000 -> Loss: 4.543 Accuracy: 0.030
 - Batch Number 4050 -> Loss: 4.699 Accuracy: 0.025
 - Batch Number 4100 -> Loss: 4.388 Accuracy: 0.060
 - Batch Number 4150 -> Loss: 4.560 Accuracy: 0.032
 - Batch Number 4200 -> Loss: 4.516 Accuracy: 0.036
 - Batch Number 4250 -> Loss: 4.538 Accuracy: 0.036
 - Batch Number 4300 -> Loss: 4.637 Accuracy: 0.046
 - Batch Number 4350 -> Loss: 4.381 Accuracy: 0.057
 - Batch Number 4400 -> Loss: 4.669 Accuracy: 0.023
 - Batch Number 4450 -> Loss: 4.559 Accuracy: 0.037
 - Batch Number 4500 -> Loss: 4.320 Accuracy: 0.033
 - Batch Number 4550 -> Loss: 4.466 Accuracy: 0.032
 - Batch Number 4600 -> Loss: 4.445 Accuracy: 0.042
 - Batch Number 4650 -> Loss: 4.130 Accuracy: 0.016
 - Batch Number 4700 -> Loss: 4.658 Accuracy: 0.015
 - Batch Number 4750 -> Loss: 4.719 Accuracy: 0.059
 - Batch Number 4800 -> Loss: 4.538 Accuracy: 0.034
 - Batch Number 4850 -> Loss: 4.014 Accuracy: 0.022
 - Batch Number 4900 -> Loss: 4.527 Accuracy: 0.032
 - Batch Number 4950 -> Loss: 4.179 Accuracy: 0.047
 - Batch Number 5000 -> Loss: 4.257 Accuracy: 0.040
 - Batch Number 5050 -> Loss: 4.549 Accuracy: 0.069
 - Batch Number 5100 -> Loss: 4.572 Accuracy: 0.031
 - Batch Number 5150 -> Loss: 4.670 Accuracy: 0.033
 - Batch Number 5200 -> Loss: 4.563 Accuracy: 0.031
 - Batch Number 5250 -> Loss: 4.518 Accuracy: 0.036
 - Batch Number 5300 -> Loss: 4.632 Accuracy: 0.042
 - Batch Number 5350 -> Loss: 4.634 Accuracy: 0.031
 - Batch Number 5400 -> Loss: 4.159 Accuracy: 0.016
 - Batch Number 5450 -> Loss: 4.532 Accuracy: 0.038
 - Batch Number 5500 -> Loss: 4.735 Accuracy: 0.039
 - Batch Number 5550 -> Loss: 4.560 Accuracy: 0.045
 - Batch Number 5600 -> Loss: 4.551 Accuracy: 0.035
 - Batch Number 5650 -> Loss: 4.816 Accuracy: 0.036
 - Batch Number 5700 -> Loss: 4.473 Accuracy: 0.025
 - Batch Number 5750 -> Loss: 4.670 Accuracy: 0.030
 - Batch Number 5800 -> Loss: 4.421 Accuracy: 0.042
 - Batch Number 5850 -> Loss: 4.415 Accuracy: 0.031
 - Batch Number 5900 -> Loss: 4.343 Accuracy: 0.034
 - Batch Number 5950 -> Loss: 4.429 Accuracy: 0.040
 - Batch Number 6000 -> Loss: 4.540 Accuracy: 0.054
 - Batch Number 6050 -> Loss: 4.439 Accuracy: 0.019
 - Batch Number 6100 -> Loss: 4.539 Accuracy: 0.024
 - Batch Number 6150 -> Loss: 4.301 Accuracy: 0.021
 - Batch Number 6200 -> Loss: 4.184 Accuracy: 0.035
 - Batch Number 6250 -> Loss: 4.647 Accuracy: 0.046
 - Batch Number 6300 -> Loss: 4.285 Accuracy: 0.032
 - Batch Number 6350 -> Loss: 4.621 Accuracy: 0.024
 - Batch Number 6400 -> Loss: 4.529 Accuracy: 0.046
 - Batch Number 6450 -> Loss: 4.242 Accuracy: 0.050
 - Batch Number 6500 -> Loss: 4.611 Accuracy: 0.040
 - Batch Number 6550 -> Loss: 4.430 Accuracy: 0.049
 - Batch Number 6600 -> Loss: 4.555 Accuracy: 0.041
 - Batch Number 6650 -> Loss: 4.584 Accuracy: 0.026
 - Batch Number 6700 -> Loss: 4.618 Accuracy: 0.037
 - Batch Number 6750 -> Loss: 4.580 Accuracy: 0.073
 - Batch Number 6800 -> Loss: 4.077 Accuracy: 0.028
 - Batch Number 6850 -> Loss: 4.580 Accuracy: 0.039
 - Batch Number 6900 -> Loss: 4.357 Accuracy: 0.048
 - Batch Number 6950 -> Loss: 4.577 Accuracy: 0.041
 - Batch Number 7000 -> Loss: 4.499 Accuracy: 0.040
 - Batch Number 7050 -> Loss: 4.594 Accuracy: 0.031
 - Batch Number 7100 -> Loss: 4.454 Accuracy: 0.029
 - Batch Number 7150 -> Loss: 4.398 Accuracy: 0.019
 - Batch Number 7200 -> Loss: 4.200 Accuracy: 0.073
 - Batch Number 7250 -> Loss: 4.550 Accuracy: 0.019
 - Batch Number 7300 -> Loss: 4.518 Accuracy: 0.055
 - Batch Number 7350 -> Loss: 4.083 Accuracy: 0.058
 - Batch Number 7400 -> Loss: 4.227 Accuracy: 0.054
 - Batch Number 7450 -> Loss: 4.352 Accuracy: 0.047
 - Batch Number 7500 -> Loss: 4.372 Accuracy: 0.032
 - Batch Number 7550 -> Loss: 4.456 Accuracy: 0.021
 - Batch Number 7600 -> Loss: 4.736 Accuracy: 0.018
 - Batch Number 7650 -> Loss: 4.591 Accuracy: 0.053
 - Batch Number 7700 -> Loss: 4.629 Accuracy: 0.030
 - Batch Number 7750 -> Loss: 4.656 Accuracy: 0.088
 - Batch Number 7800 -> Loss: 4.660 Accuracy: 0.037
 - Batch Number 7850 -> Loss: 4.543 Accuracy: 0.019
 - Batch Number 7900 -> Loss: 4.857 Accuracy: 0.014
 - Batch Number 7950 -> Loss: 4.535 Accuracy: 0.057
 - Batch Number 8000 -> Loss: 4.596 Accuracy: 0.047
 - Batch Number 8050 -> Loss: 4.711 Accuracy: 0.031
 - Batch Number 8100 -> Loss: 4.637 Accuracy: 0.062
 - Batch Number 8150 -> Loss: 4.333 Accuracy: 0.057
 - Batch Number 8200 -> Loss: 4.785 Accuracy: 0.037
 - Batch Number 8250 -> Loss: 4.422 Accuracy: 0.038
 - Batch Number 8300 -> Loss: 4.575 Accuracy: 0.043
 - Batch Number 8350 -> Loss: 4.595 Accuracy: 0.040
 - Batch Number 8400 -> Loss: 4.631 Accuracy: 0.056
 - Batch Number 8450 -> Loss: 4.568 Accuracy: 0.032
 - Batch Number 8500 -> Loss: 4.341 Accuracy: 0.041
 - Batch Number 8550 -> Loss: 4.221 Accuracy: 0.035
 - Batch Number 8600 -> Loss: 4.686 Accuracy: 0.022
 - Batch Number 8650 -> Loss: 4.162 Accuracy: 0.060
 - Batch Number 8700 -> Loss: 4.685 Accuracy: 0.035
 - Batch Number 8750 -> Loss: 4.629 Accuracy: 0.034
 - Batch Number 8800 -> Loss: 4.749 Accuracy: 0.044
 - Batch Number 8850 -> Loss: 4.616 Accuracy: 0.007
 - Batch Number 8900 -> Loss: 4.480 Accuracy: 0.048
 - Batch Number 8950 -> Loss: 4.620 Accuracy: 0.020
 - Batch Number 9000 -> Loss: 3.981 Accuracy: 0.040
 - Batch Number 9050 -> Loss: 4.471 Accuracy: 0.031
 - Batch Number 9100 -> Loss: 4.626 Accuracy: 0.052
 - Batch Number 9150 -> Loss: 4.537 Accuracy: 0.035
 - Batch Number 9200 -> Loss: 4.561 Accuracy: 0.027
 - Batch Number 9250 -> Loss: 4.484 Accuracy: 0.081
 - Batch Number 9300 -> Loss: 4.624 Accuracy: 0.053
 - Batch Number 9350 -> Loss: 4.614 Accuracy: 0.018
 - Batch Number 9400 -> Loss: 4.660 Accuracy: 0.031
 - Batch Number 9450 -> Loss: 4.473 Accuracy: 0.050
 - Batch Number 9500 -> Loss: 4.439 Accuracy: 0.016
 - Batch Number 9550 -> Loss: 4.598 Accuracy: 0.039
 - Batch Number 9600 -> Loss: 4.547 Accuracy: 0.026
 - Batch Number 9650 -> Loss: 4.361 Accuracy: 0.036
 - Batch Number 9700 -> Loss: 4.301 Accuracy: 0.053
 - Batch Number 9750 -> Loss: 4.330 Accuracy: 0.038
 - Batch Number 9800 -> Loss: 4.333 Accuracy: 0.041
 - Batch Number 9850 -> Loss: 4.209 Accuracy: 0.054
 - Batch Number 9900 -> Loss: 4.640 Accuracy: 0.040
 - Batch Number 9950 -> Loss: 4.619 Accuracy: 0.041
 - Batch Number 10000 -> Loss: 4.300 Accuracy: 0.041
 - Batch Number 10050 -> Loss: 4.225 Accuracy: 0.043
 - Batch Number 10100 -> Loss: 4.518 Accuracy: 0.035
 - Batch Number 10150 -> Loss: 4.676 Accuracy: 0.055
 - Batch Number 10200 -> Loss: 4.460 Accuracy: 0.036
 - Batch Number 10250 -> Loss: 4.682 Accuracy: 0.033
 - Batch Number 10300 -> Loss: 4.219 Accuracy: 0.027
 - Batch Number 10350 -> Loss: 4.536 Accuracy: 0.046
 - Batch Number 10400 -> Loss: 4.545 Accuracy: 0.048
 - Batch Number 10450 -> Loss: 4.539 Accuracy: 0.023
 - Batch Number 10500 -> Loss: 4.583 Accuracy: 0.031
 - Batch Number 10550 -> Loss: 4.532 Accuracy: 0.069
 - Batch Number 10600 -> Loss: 4.658 Accuracy: 0.036
 - Batch Number 10650 -> Loss: 4.678 Accuracy: 0.020
 - Batch Number 10700 -> Loss: 4.467 Accuracy: 0.038
 - Batch Number 10750 -> Loss: 4.453 Accuracy: 0.043
 - Batch Number 10800 -> Loss: 4.464 Accuracy: 0.028
 - Batch Number 10850 -> Loss: 4.551 Accuracy: 0.057
 - Batch Number 10900 -> Loss: 4.721 Accuracy: 0.028
 - Batch Number 10950 -> Loss: 4.410 Accuracy: 0.035
 - Batch Number 11000 -> Loss: 4.542 Accuracy: 0.085
 - Batch Number 11050 -> Loss: 4.646 Accuracy: 0.037
 - Batch Number 11100 -> Loss: 4.628 Accuracy: 0.067
 - Batch Number 11150 -> Loss: 4.577 Accuracy: 0.045
 - Batch Number 11200 -> Loss: 4.538 Accuracy: 0.067
 - Batch Number 11250 -> Loss: 4.616 Accuracy: 0.027
 - Batch Number 11300 -> Loss: 4.470 Accuracy: 0.080
 - Batch Number 11350 -> Loss: 4.534 Accuracy: 0.027
 - Batch Number 11400 -> Loss: 4.227 Accuracy: 0.060
 - Batch Number 11450 -> Loss: 4.620 Accuracy: 0.024
 - Batch Number 11500 -> Loss: 4.503 Accuracy: 0.025
 - Batch Number 11550 -> Loss: 4.354 Accuracy: 0.051
 - Batch Number 11600 -> Loss: 4.301 Accuracy: 0.045
 - Batch Number 11650 -> Loss: 4.494 Accuracy: 0.049
 - Batch Number 11700 -> Loss: 4.531 Accuracy: 0.054
 - Batch Number 11750 -> Loss: 4.565 Accuracy: 0.034
 - Batch Number 11800 -> Loss: 4.583 Accuracy: 0.025
 - Batch Number 11850 -> Loss: 4.531 Accuracy: 0.033
 - Batch Number 11900 -> Loss: 4.785 Accuracy: 0.037
 - Batch Number 11950 -> Loss: 4.604 Accuracy: 0.048
 - Batch Number 12000 -> Loss: 4.568 Accuracy: 0.020
 - Batch Number 12050 -> Loss: 4.562 Accuracy: 0.048
 - Batch Number 12100 -> Loss: 4.673 Accuracy: 0.029
 - Batch Number 12150 -> Loss: 4.454 Accuracy: 0.035
 - Batch Number 12200 -> Loss: 4.503 Accuracy: 0.052
 - Batch Number 12250 -> Loss: 4.409 Accuracy: 0.059
 - Batch Number 12300 -> Loss: 4.720 Accuracy: 0.014
 - Batch Number 12350 -> Loss: 4.618 Accuracy: 0.028
 - Batch Number 12400 -> Loss: 4.352 Accuracy: 0.012
 - Batch Number 12450 -> Loss: 4.561 Accuracy: 0.026
 - Batch Number 12500 -> Loss: 4.237 Accuracy: 0.038
 - Batch Number 12550 -> Loss: 4.208 Accuracy: 0.052
 - Batch Number 12600 -> Loss: 4.614 Accuracy: 0.036
 - Batch Number 12650 -> Loss: 4.461 Accuracy: 0.024
 - Batch Number 12700 -> Loss: 4.577 Accuracy: 0.044
 - Batch Number 12750 -> Loss: 4.429 Accuracy: 0.039
 - Batch Number 12800 -> Loss: 4.078 Accuracy: 0.025
 - Batch Number 12850 -> Loss: 4.385 Accuracy: 0.036
 - Batch Number 12900 -> Loss: 4.453 Accuracy: 0.029
 - Batch Number 12950 -> Loss: 4.455 Accuracy: 0.048
 - Batch Number 13000 -> Loss: 4.705 Accuracy: 0.033
 - Batch Number 13050 -> Loss: 4.312 Accuracy: 0.054
 - Batch Number 13100 -> Loss: 4.722 Accuracy: 0.029
 - Batch Number 13150 -> Loss: 3.982 Accuracy: 0.037
 - Batch Number 13200 -> Loss: 4.637 Accuracy: 0.027
 - Batch Number 13250 -> Loss: 4.760 Accuracy: 0.036
 - Batch Number 13300 -> Loss: 4.413 Accuracy: 0.041
 - Batch Number 13350 -> Loss: 4.205 Accuracy: 0.041
 - Batch Number 13400 -> Loss: 4.614 Accuracy: 0.027
 - Batch Number 13450 -> Loss: 4.235 Accuracy: 0.042
 - Batch Number 13500 -> Loss: 4.591 Accuracy: 0.021
 - Batch Number 13550 -> Loss: 4.212 Accuracy: 0.036
 - Batch Number 13600 -> Loss: 4.349 Accuracy: 0.041
 - Batch Number 13650 -> Loss: 4.215 Accuracy: 0.050
 - Batch Number 13700 -> Loss: 4.479 Accuracy: 0.024
 - Batch Number 13750 -> Loss: 4.538 Accuracy: 0.036
 - Batch Number 13800 -> Loss: 4.587 Accuracy: 0.030
 - Batch Number 13850 -> Loss: 4.477 Accuracy: 0.025
 - Batch Number 13900 -> Loss: 4.634 Accuracy: 0.046
 - Batch Number 13950 -> Loss: 4.624 Accuracy: 0.051
 - Batch Number 14000 -> Loss: 4.716 Accuracy: 0.038
 - Batch Number 14050 -> Loss: 4.697 Accuracy: 0.033
 - Batch Number 14100 -> Loss: 4.454 Accuracy: 0.030
 - Batch Number 14150 -> Loss: 4.366 Accuracy: 0.025
 - Batch Number 14200 -> Loss: 4.629 Accuracy: 0.031
train Loss: 4.4758 Acc: 0.0164
val Loss: 4.4772 Acc: 0.0189
Epoch 2/3
----------
 - Batch Number 50 -> Loss: 4.265 Accuracy: 0.035
 - Batch Number 100 -> Loss: 4.550 Accuracy: 0.051
 - Batch Number 150 -> Loss: 4.623 Accuracy: 0.043
 - Batch Number 200 -> Loss: 4.704 Accuracy: 0.048
 - Batch Number 250 -> Loss: 4.341 Accuracy: 0.031
 - Batch Number 300 -> Loss: 4.492 Accuracy: 0.057
 - Batch Number 350 -> Loss: 4.570 Accuracy: 0.051
 - Batch Number 400 -> Loss: 4.500 Accuracy: 0.056
 - Batch Number 450 -> Loss: 4.615 Accuracy: 0.051
 - Batch Number 500 -> Loss: 4.612 Accuracy: 0.026
 - Batch Number 550 -> Loss: 4.376 Accuracy: 0.040
 - Batch Number 600 -> Loss: 4.500 Accuracy: 0.048
 - Batch Number 650 -> Loss: 4.323 Accuracy: 0.032
 - Batch Number 700 -> Loss: 4.452 Accuracy: 0.044
 - Batch Number 750 -> Loss: 4.478 Accuracy: 0.053
 - Batch Number 800 -> Loss: 4.607 Accuracy: 0.038
 - Batch Number 850 -> Loss: 4.835 Accuracy: 0.011
 - Batch Number 900 -> Loss: 4.645 Accuracy: 0.022
 - Batch Number 950 -> Loss: 4.655 Accuracy: 0.037
 - Batch Number 1000 -> Loss: 4.524 Accuracy: 0.023
 - Batch Number 1050 -> Loss: 4.565 Accuracy: 0.017
 - Batch Number 1100 -> Loss: 4.321 Accuracy: 0.039
 - Batch Number 1150 -> Loss: 4.672 Accuracy: 0.040
 - Batch Number 1200 -> Loss: 4.310 Accuracy: 0.020
 - Batch Number 1250 -> Loss: 4.552 Accuracy: 0.039
 - Batch Number 1300 -> Loss: 4.658 Accuracy: 0.028
 - Batch Number 1350 -> Loss: 3.941 Accuracy: 0.048
 - Batch Number 1400 -> Loss: 4.570 Accuracy: 0.029
 - Batch Number 1450 -> Loss: 4.416 Accuracy: 0.053
 - Batch Number 1500 -> Loss: 4.593 Accuracy: 0.040
 - Batch Number 1550 -> Loss: 4.227 Accuracy: 0.035
 - Batch Number 1600 -> Loss: 4.377 Accuracy: 0.043
 - Batch Number 1650 -> Loss: 4.566 Accuracy: 0.045
 - Batch Number 1700 -> Loss: 4.383 Accuracy: 0.051
 - Batch Number 1750 -> Loss: 4.550 Accuracy: 0.036
 - Batch Number 1800 -> Loss: 4.667 Accuracy: 0.031
 - Batch Number 1850 -> Loss: 4.592 Accuracy: 0.027
 - Batch Number 1900 -> Loss: 4.795 Accuracy: 0.074
 - Batch Number 1950 -> Loss: 4.621 Accuracy: 0.070
 - Batch Number 2000 -> Loss: 4.119 Accuracy: 0.034
 - Batch Number 2050 -> Loss: 4.538 Accuracy: 0.030
 - Batch Number 2100 -> Loss: 4.578 Accuracy: 0.045
 - Batch Number 2150 -> Loss: 4.674 Accuracy: 0.045
 - Batch Number 2200 -> Loss: 4.378 Accuracy: 0.030
 - Batch Number 2250 -> Loss: 4.496 Accuracy: 0.043
 - Batch Number 2300 -> Loss: 4.309 Accuracy: 0.026
 - Batch Number 2350 -> Loss: 4.502 Accuracy: 0.054
 - Batch Number 2400 -> Loss: 4.089 Accuracy: 0.062
 - Batch Number 2450 -> Loss: 4.542 Accuracy: 0.034
 - Batch Number 2500 -> Loss: 4.268 Accuracy: 0.021
 - Batch Number 2550 -> Loss: 4.692 Accuracy: 0.021
 - Batch Number 2600 -> Loss: 4.578 Accuracy: 0.030
 - Batch Number 2650 -> Loss: 4.515 Accuracy: 0.031
 - Batch Number 2700 -> Loss: 4.560 Accuracy: 0.042
 - Batch Number 2750 -> Loss: 4.748 Accuracy: 0.039
 - Batch Number 2800 -> Loss: 4.479 Accuracy: 0.035
 - Batch Number 2850 -> Loss: 4.551 Accuracy: 0.041
 - Batch Number 2900 -> Loss: 4.631 Accuracy: 0.033
 - Batch Number 2950 -> Loss: 4.720 Accuracy: 0.065
 - Batch Number 3000 -> Loss: 4.317 Accuracy: 0.018
 - Batch Number 3050 -> Loss: 4.567 Accuracy: 0.036
 - Batch Number 3100 -> Loss: 4.332 Accuracy: 0.036
 - Batch Number 3150 -> Loss: 4.493 Accuracy: 0.026
 - Batch Number 3200 -> Loss: 4.570 Accuracy: 0.045
 - Batch Number 3250 -> Loss: 4.573 Accuracy: 0.047
 - Batch Number 3300 -> Loss: 4.585 Accuracy: 0.024
 - Batch Number 3350 -> Loss: 4.540 Accuracy: 0.033
 - Batch Number 3400 -> Loss: 4.538 Accuracy: 0.060
 - Batch Number 3450 -> Loss: 4.792 Accuracy: 0.040
 - Batch Number 3500 -> Loss: 4.714 Accuracy: 0.038
 - Batch Number 3550 -> Loss: 4.637 Accuracy: 0.052
 - Batch Number 3600 -> Loss: 4.472 Accuracy: 0.032
 - Batch Number 3650 -> Loss: 4.352 Accuracy: 0.051
 - Batch Number 3700 -> Loss: 4.414 Accuracy: 0.046
 - Batch Number 3750 -> Loss: 3.960 Accuracy: 0.028
 - Batch Number 3800 -> Loss: 4.551 Accuracy: 0.014
 - Batch Number 3850 -> Loss: 4.397 Accuracy: 0.031
 - Batch Number 3900 -> Loss: 4.447 Accuracy: 0.037
 - Batch Number 3950 -> Loss: 4.479 Accuracy: 0.038
 - Batch Number 4000 -> Loss: 4.639 Accuracy: 0.053
 - Batch Number 4050 -> Loss: 4.536 Accuracy: 0.070
 - Batch Number 4100 -> Loss: 4.236 Accuracy: 0.042
 - Batch Number 4150 -> Loss: 3.991 Accuracy: 0.030
 - Batch Number 4200 -> Loss: 4.073 Accuracy: 0.037
 - Batch Number 4250 -> Loss: 4.316 Accuracy: 0.036
 - Batch Number 4300 -> Loss: 4.539 Accuracy: 0.022
 - Batch Number 4350 -> Loss: 4.495 Accuracy: 0.028
 - Batch Number 4400 -> Loss: 4.508 Accuracy: 0.031
 - Batch Number 4450 -> Loss: 4.515 Accuracy: 0.041
 - Batch Number 4500 -> Loss: 4.580 Accuracy: 0.046
 - Batch Number 4550 -> Loss: 4.374 Accuracy: 0.026
 - Batch Number 4600 -> Loss: 4.234 Accuracy: 0.054
 - Batch Number 4650 -> Loss: 4.670 Accuracy: 0.023
 - Batch Number 4700 -> Loss: 4.496 Accuracy: 0.056
 - Batch Number 4750 -> Loss: 4.354 Accuracy: 0.028
 - Batch Number 4800 -> Loss: 4.061 Accuracy: 0.036
 - Batch Number 4850 -> Loss: 4.253 Accuracy: 0.038
 - Batch Number 4900 -> Loss: 4.651 Accuracy: 0.034
 - Batch Number 4950 -> Loss: 4.146 Accuracy: 0.036
 - Batch Number 5000 -> Loss: 4.402 Accuracy: 0.067
 - Batch Number 5050 -> Loss: 4.703 Accuracy: 0.079
 - Batch Number 5100 -> Loss: 4.591 Accuracy: 0.037
 - Batch Number 5150 -> Loss: 4.492 Accuracy: 0.062
 - Batch Number 5200 -> Loss: 4.475 Accuracy: 0.043
 - Batch Number 5250 -> Loss: 4.754 Accuracy: 0.047
 - Batch Number 5300 -> Loss: 4.107 Accuracy: 0.046
 - Batch Number 5350 -> Loss: 4.149 Accuracy: 0.032
 - Batch Number 5400 -> Loss: 4.067 Accuracy: 0.026
 - Batch Number 5450 -> Loss: 4.487 Accuracy: 0.046
 - Batch Number 5500 -> Loss: 4.580 Accuracy: 0.029
 - Batch Number 5550 -> Loss: 4.501 Accuracy: 0.028
 - Batch Number 5600 -> Loss: 4.395 Accuracy: 0.034
 - Batch Number 5650 -> Loss: 4.621 Accuracy: 0.029
 - Batch Number 5700 -> Loss: 4.586 Accuracy: 0.051
 - Batch Number 5750 -> Loss: 4.625 Accuracy: 0.031
 - Batch Number 5800 -> Loss: 4.721 Accuracy: 0.030
 - Batch Number 5850 -> Loss: 4.627 Accuracy: 0.042
 - Batch Number 5900 -> Loss: 4.584 Accuracy: 0.034
 - Batch Number 5950 -> Loss: 4.357 Accuracy: 0.033
 - Batch Number 6000 -> Loss: 4.356 Accuracy: 0.038
 - Batch Number 6050 -> Loss: 4.514 Accuracy: 0.034
 - Batch Number 6100 -> Loss: 4.556 Accuracy: 0.026
 - Batch Number 6150 -> Loss: 4.592 Accuracy: 0.044
 - Batch Number 6200 -> Loss: 4.576 Accuracy: 0.106
 - Batch Number 6250 -> Loss: 4.452 Accuracy: 0.041
 - Batch Number 6300 -> Loss: 4.193 Accuracy: 0.045
 - Batch Number 6350 -> Loss: 4.566 Accuracy: 0.047
 - Batch Number 6400 -> Loss: 4.520 Accuracy: 0.020
 - Batch Number 6450 -> Loss: 4.505 Accuracy: 0.039
 - Batch Number 6500 -> Loss: 4.698 Accuracy: 0.033
 - Batch Number 6550 -> Loss: 4.493 Accuracy: 0.026
 - Batch Number 6600 -> Loss: 4.557 Accuracy: 0.091
 - Batch Number 6650 -> Loss: 4.497 Accuracy: 0.053
 - Batch Number 6700 -> Loss: 4.473 Accuracy: 0.050
 - Batch Number 6750 -> Loss: 4.503 Accuracy: 0.038
 - Batch Number 6800 -> Loss: 4.544 Accuracy: 0.071
 - Batch Number 6850 -> Loss: 4.259 Accuracy: 0.064
 - Batch Number 6900 -> Loss: 4.665 Accuracy: 0.060
 - Batch Number 6950 -> Loss: 4.562 Accuracy: 0.044
 - Batch Number 7000 -> Loss: 4.557 Accuracy: 0.037
 - Batch Number 7050 -> Loss: 4.564 Accuracy: 0.042
 - Batch Number 7100 -> Loss: 4.423 Accuracy: 0.019
 - Batch Number 7150 -> Loss: 4.421 Accuracy: 0.045
 - Batch Number 7200 -> Loss: 4.567 Accuracy: 0.026
 - Batch Number 7250 -> Loss: 4.547 Accuracy: 0.030
 - Batch Number 7300 -> Loss: 4.583 Accuracy: 0.041
 - Batch Number 7350 -> Loss: 4.530 Accuracy: 0.046
 - Batch Number 7400 -> Loss: 4.298 Accuracy: 0.038
 - Batch Number 7450 -> Loss: 4.748 Accuracy: 0.030
 - Batch Number 7500 -> Loss: 4.735 Accuracy: 0.034
 - Batch Number 7550 -> Loss: 4.494 Accuracy: 0.028
 - Batch Number 7600 -> Loss: 4.150 Accuracy: 0.069
 - Batch Number 7650 -> Loss: 4.647 Accuracy: 0.025
 - Batch Number 7700 -> Loss: 4.358 Accuracy: 0.029
 - Batch Number 7750 -> Loss: 4.526 Accuracy: 0.025
 - Batch Number 7800 -> Loss: 4.284 Accuracy: 0.042
 - Batch Number 7850 -> Loss: 4.782 Accuracy: 0.027
 - Batch Number 7900 -> Loss: 4.501 Accuracy: 0.024
 - Batch Number 7950 -> Loss: 4.346 Accuracy: 0.053
 - Batch Number 8000 -> Loss: 4.441 Accuracy: 0.033
 - Batch Number 8050 -> Loss: 4.315 Accuracy: 0.016
 - Batch Number 8100 -> Loss: 4.500 Accuracy: 0.028
 - Batch Number 8150 -> Loss: 4.389 Accuracy: 0.035
 - Batch Number 8200 -> Loss: 4.307 Accuracy: 0.034
 - Batch Number 8250 -> Loss: 4.362 Accuracy: 0.040
 - Batch Number 8300 -> Loss: 4.636 Accuracy: 0.026
 - Batch Number 8350 -> Loss: 4.589 Accuracy: 0.050
 - Batch Number 8400 -> Loss: 4.031 Accuracy: 0.036
 - Batch Number 8450 -> Loss: 4.309 Accuracy: 0.035
 - Batch Number 8500 -> Loss: 4.575 Accuracy: 0.050
 - Batch Number 8550 -> Loss: 4.444 Accuracy: 0.058
 - Batch Number 8600 -> Loss: 4.730 Accuracy: 0.055
 - Batch Number 8650 -> Loss: 4.527 Accuracy: 0.030
 - Batch Number 8700 -> Loss: 4.804 Accuracy: 0.053
 - Batch Number 8750 -> Loss: 4.583 Accuracy: 0.026
 - Batch Number 8800 -> Loss: 4.688 Accuracy: 0.031
 - Batch Number 8850 -> Loss: 4.681 Accuracy: 0.045
 - Batch Number 8900 -> Loss: 3.994 Accuracy: 0.039
 - Batch Number 8950 -> Loss: 4.725 Accuracy: 0.036
 - Batch Number 9000 -> Loss: 4.180 Accuracy: 0.051
 - Batch Number 9050 -> Loss: 4.566 Accuracy: 0.026
 - Batch Number 9100 -> Loss: 3.917 Accuracy: 0.010
 - Batch Number 9150 -> Loss: 4.604 Accuracy: 0.034
 - Batch Number 9200 -> Loss: 4.513 Accuracy: 0.036
 - Batch Number 9250 -> Loss: 4.250 Accuracy: 0.035
 - Batch Number 9300 -> Loss: 4.122 Accuracy: 0.059
 - Batch Number 9350 -> Loss: 4.392 Accuracy: 0.015
 - Batch Number 9400 -> Loss: 4.416 Accuracy: 0.049
 - Batch Number 9450 -> Loss: 4.684 Accuracy: 0.055
 - Batch Number 9500 -> Loss: 4.375 Accuracy: 0.037
 - Batch Number 9550 -> Loss: 4.651 Accuracy: 0.049
 - Batch Number 9600 -> Loss: 4.504 Accuracy: 0.022
 - Batch Number 9650 -> Loss: 4.474 Accuracy: 0.022
 - Batch Number 9700 -> Loss: 4.384 Accuracy: 0.015
 - Batch Number 9750 -> Loss: 4.334 Accuracy: 0.050
 - Batch Number 9800 -> Loss: 4.592 Accuracy: 0.041
 - Batch Number 9850 -> Loss: 4.296 Accuracy: 0.039
 - Batch Number 9900 -> Loss: 4.389 Accuracy: 0.027
 - Batch Number 9950 -> Loss: 3.991 Accuracy: 0.016
 - Batch Number 10000 -> Loss: 4.475 Accuracy: 0.046
 - Batch Number 10050 -> Loss: 4.648 Accuracy: 0.031
 - Batch Number 10100 -> Loss: 4.532 Accuracy: 0.049
 - Batch Number 10150 -> Loss: 4.175 Accuracy: 0.038
 - Batch Number 10200 -> Loss: 4.534 Accuracy: 0.105
 - Batch Number 10250 -> Loss: 4.692 Accuracy: 0.029
 - Batch Number 10300 -> Loss: 4.819 Accuracy: 0.064
 - Batch Number 10350 -> Loss: 4.401 Accuracy: 0.036
 - Batch Number 10400 -> Loss: 4.395 Accuracy: 0.054
 - Batch Number 10450 -> Loss: 4.575 Accuracy: 0.051
 - Batch Number 10500 -> Loss: 4.015 Accuracy: 0.041
 - Batch Number 10550 -> Loss: 4.402 Accuracy: 0.077
 - Batch Number 10600 -> Loss: 4.515 Accuracy: 0.039
 - Batch Number 10650 -> Loss: 4.555 Accuracy: 0.035
 - Batch Number 10700 -> Loss: 4.558 Accuracy: 0.077
 - Batch Number 10750 -> Loss: 4.551 Accuracy: 0.018
 - Batch Number 10800 -> Loss: 4.496 Accuracy: 0.048
 - Batch Number 10850 -> Loss: 4.669 Accuracy: 0.032
 - Batch Number 10900 -> Loss: 4.346 Accuracy: 0.016
 - Batch Number 10950 -> Loss: 4.552 Accuracy: 0.042
 - Batch Number 11000 -> Loss: 4.642 Accuracy: 0.075
 - Batch Number 11050 -> Loss: 4.208 Accuracy: 0.055
 - Batch Number 11100 -> Loss: 4.560 Accuracy: 0.053
 - Batch Number 11150 -> Loss: 4.567 Accuracy: 0.042
 - Batch Number 11200 -> Loss: 4.537 Accuracy: 0.078
 - Batch Number 11250 -> Loss: 4.756 Accuracy: 0.020
 - Batch Number 11300 -> Loss: 4.361 Accuracy: 0.064
 - Batch Number 11350 -> Loss: 4.570 Accuracy: 0.042
 - Batch Number 11400 -> Loss: 4.165 Accuracy: 0.051
 - Batch Number 11450 -> Loss: 4.423 Accuracy: 0.042
 - Batch Number 11500 -> Loss: 4.673 Accuracy: 0.036
 - Batch Number 11550 -> Loss: 4.673 Accuracy: 0.073
 - Batch Number 11600 -> Loss: 4.540 Accuracy: 0.024
 - Batch Number 11650 -> Loss: 4.459 Accuracy: 0.036
 - Batch Number 11700 -> Loss: 4.575 Accuracy: 0.031
 - Batch Number 11750 -> Loss: 4.119 Accuracy: 0.037
 - Batch Number 11800 -> Loss: 4.410 Accuracy: 0.026
 - Batch Number 11850 -> Loss: 4.406 Accuracy: 0.041
 - Batch Number 11900 -> Loss: 4.763 Accuracy: 0.049
 - Batch Number 11950 -> Loss: 4.607 Accuracy: 0.062
 - Batch Number 12000 -> Loss: 4.138 Accuracy: 0.054
 - Batch Number 12050 -> Loss: 4.435 Accuracy: 0.040
 - Batch Number 12100 -> Loss: 4.319 Accuracy: 0.040
 - Batch Number 12150 -> Loss: 4.683 Accuracy: 0.026
 - Batch Number 12200 -> Loss: 4.575 Accuracy: 0.032
 - Batch Number 12250 -> Loss: 4.554 Accuracy: 0.030
 - Batch Number 12300 -> Loss: 4.375 Accuracy: 0.043
 - Batch Number 12350 -> Loss: 5.017 Accuracy: 0.086
 - Batch Number 12400 -> Loss: 4.492 Accuracy: 0.065
 - Batch Number 12450 -> Loss: 4.555 Accuracy: 0.048
 - Batch Number 12500 -> Loss: 4.301 Accuracy: 0.047
 - Batch Number 12550 -> Loss: 4.656 Accuracy: 0.044
 - Batch Number 12600 -> Loss: 4.564 Accuracy: 0.046
 - Batch Number 12650 -> Loss: 4.701 Accuracy: 0.054
 - Batch Number 12700 -> Loss: 4.417 Accuracy: 0.070
 - Batch Number 12750 -> Loss: 4.364 Accuracy: 0.035
 - Batch Number 12800 -> Loss: 4.119 Accuracy: 0.037
 - Batch Number 12850 -> Loss: 4.500 Accuracy: 0.046
 - Batch Number 12900 -> Loss: 4.548 Accuracy: 0.067
 - Batch Number 12950 -> Loss: 4.646 Accuracy: 0.048
 - Batch Number 13000 -> Loss: 4.679 Accuracy: 0.029
 - Batch Number 13050 -> Loss: 4.395 Accuracy: 0.074
 - Batch Number 13100 -> Loss: 4.678 Accuracy: 0.044
 - Batch Number 13150 -> Loss: 4.159 Accuracy: 0.043
 - Batch Number 13200 -> Loss: 4.240 Accuracy: 0.067
 - Batch Number 13250 -> Loss: 4.568 Accuracy: 0.065
 - Batch Number 13300 -> Loss: 3.987 Accuracy: 0.050
 - Batch Number 13350 -> Loss: 4.536 Accuracy: 0.092
 - Batch Number 13400 -> Loss: 4.130 Accuracy: 0.019
 - Batch Number 13450 -> Loss: 4.613 Accuracy: 0.038
 - Batch Number 13500 -> Loss: 4.674 Accuracy: 0.039
 - Batch Number 13550 -> Loss: 4.492 Accuracy: 0.045
 - Batch Number 13600 -> Loss: 4.138 Accuracy: 0.044
 - Batch Number 13650 -> Loss: 4.652 Accuracy: 0.038
 - Batch Number 13700 -> Loss: 4.491 Accuracy: 0.037
 - Batch Number 13750 -> Loss: 4.524 Accuracy: 0.050
 - Batch Number 13800 -> Loss: 4.421 Accuracy: 0.059
 - Batch Number 13850 -> Loss: 4.175 Accuracy: 0.035
 - Batch Number 13900 -> Loss: 4.493 Accuracy: 0.039
 - Batch Number 13950 -> Loss: 4.184 Accuracy: 0.046
 - Batch Number 14000 -> Loss: 4.624 Accuracy: 0.053
 - Batch Number 14050 -> Loss: 4.707 Accuracy: 0.052
 - Batch Number 14100 -> Loss: 4.364 Accuracy: 0.043
 - Batch Number 14150 -> Loss: 4.354 Accuracy: 0.039
 - Batch Number 14200 -> Loss: 4.433 Accuracy: 0.054
train Loss: 4.4666 Acc: 0.0165
val Loss: 4.4760 Acc: 0.0194
Epoch 3/3
----------
 - Batch Number 50 -> Loss: 4.616 Accuracy: 0.060
 - Batch Number 100 -> Loss: 4.400 Accuracy: 0.027
 - Batch Number 150 -> Loss: 4.376 Accuracy: 0.040
 - Batch Number 200 -> Loss: 4.520 Accuracy: 0.014
 - Batch Number 250 -> Loss: 4.683 Accuracy: 0.033
 - Batch Number 300 -> Loss: 4.119 Accuracy: 0.028
 - Batch Number 350 -> Loss: 4.536 Accuracy: 0.057
 - Batch Number 400 -> Loss: 4.282 Accuracy: 0.032
 - Batch Number 450 -> Loss: 4.737 Accuracy: 0.031
 - Batch Number 500 -> Loss: 4.742 Accuracy: 0.034
 - Batch Number 550 -> Loss: 4.263 Accuracy: 0.027
 - Batch Number 600 -> Loss: 4.529 Accuracy: 0.039
 - Batch Number 650 -> Loss: 4.421 Accuracy: 0.056
 - Batch Number 700 -> Loss: 4.436 Accuracy: 0.029
 - Batch Number 750 -> Loss: 4.247 Accuracy: 0.026
 - Batch Number 800 -> Loss: 4.245 Accuracy: 0.062
 - Batch Number 850 -> Loss: 4.420 Accuracy: 0.034
 - Batch Number 900 -> Loss: 4.366 Accuracy: 0.072
 - Batch Number 950 -> Loss: 4.445 Accuracy: 0.034
 - Batch Number 1000 -> Loss: 4.550 Accuracy: 0.075
 - Batch Number 1050 -> Loss: 4.240 Accuracy: 0.050
 - Batch Number 1100 -> Loss: 4.754 Accuracy: 0.028
 - Batch Number 1150 -> Loss: 4.182 Accuracy: 0.042
 - Batch Number 1200 -> Loss: 4.380 Accuracy: 0.021
 - Batch Number 1250 -> Loss: 4.698 Accuracy: 0.038
 - Batch Number 1300 -> Loss: 4.068 Accuracy: 0.094
 - Batch Number 1350 -> Loss: 4.899 Accuracy: 0.039
 - Batch Number 1400 -> Loss: 4.707 Accuracy: 0.046
 - Batch Number 1450 -> Loss: 4.601 Accuracy: 0.030
 - Batch Number 1500 -> Loss: 4.556 Accuracy: 0.037
 - Batch Number 1550 -> Loss: 4.290 Accuracy: 0.044
 - Batch Number 1600 -> Loss: 4.494 Accuracy: 0.039
 - Batch Number 1650 -> Loss: 4.250 Accuracy: 0.040
 - Batch Number 1700 -> Loss: 4.435 Accuracy: 0.045
 - Batch Number 1750 -> Loss: 4.283 Accuracy: 0.044
 - Batch Number 1800 -> Loss: 4.645 Accuracy: 0.050
 - Batch Number 1850 -> Loss: 4.375 Accuracy: 0.041
 - Batch Number 1900 -> Loss: 4.621 Accuracy: 0.027
 - Batch Number 1950 -> Loss: 4.408 Accuracy: 0.061
 - Batch Number 2000 -> Loss: 4.562 Accuracy: 0.045
 - Batch Number 2050 -> Loss: 4.466 Accuracy: 0.028
 - Batch Number 2100 -> Loss: 4.578 Accuracy: 0.030
 - Batch Number 2150 -> Loss: 4.521 Accuracy: 0.028
 - Batch Number 2200 -> Loss: 4.499 Accuracy: 0.056
 - Batch Number 2250 -> Loss: 4.506 Accuracy: 0.049
 - Batch Number 2300 -> Loss: 4.540 Accuracy: 0.034
 - Batch Number 2350 -> Loss: 4.285 Accuracy: 0.020
 - Batch Number 2400 -> Loss: 4.489 Accuracy: 0.029
 - Batch Number 2450 -> Loss: 4.684 Accuracy: 0.074
 - Batch Number 2500 -> Loss: 4.702 Accuracy: 0.087
 - Batch Number 2550 -> Loss: 3.975 Accuracy: 0.029
 - Batch Number 2600 -> Loss: 4.640 Accuracy: 0.059
 - Batch Number 2650 -> Loss: 4.145 Accuracy: 0.023
 - Batch Number 2700 -> Loss: 4.482 Accuracy: 0.032
 - Batch Number 2750 -> Loss: 4.707 Accuracy: 0.026
 - Batch Number 2800 -> Loss: 4.489 Accuracy: 0.064
 - Batch Number 2850 -> Loss: 4.191 Accuracy: 0.055
 - Batch Number 2900 -> Loss: 4.562 Accuracy: 0.014
 - Batch Number 2950 -> Loss: 4.659 Accuracy: 0.028
 - Batch Number 3000 -> Loss: 4.637 Accuracy: 0.034
 - Batch Number 3050 -> Loss: 4.449 Accuracy: 0.044
 - Batch Number 3100 -> Loss: 4.505 Accuracy: 0.053
 - Batch Number 3150 -> Loss: 4.676 Accuracy: 0.022
 - Batch Number 3200 -> Loss: 4.239 Accuracy: 0.043
 - Batch Number 3250 -> Loss: 4.439 Accuracy: 0.033
 - Batch Number 3300 -> Loss: 4.605 Accuracy: 0.052
 - Batch Number 3350 -> Loss: 4.460 Accuracy: 0.038
 - Batch Number 3400 -> Loss: 4.614 Accuracy: 0.066
 - Batch Number 3450 -> Loss: 4.272 Accuracy: 0.060
 - Batch Number 3500 -> Loss: 4.519 Accuracy: 0.051
 - Batch Number 3550 -> Loss: 4.461 Accuracy: 0.042
 - Batch Number 3600 -> Loss: 4.533 Accuracy: 0.065
 - Batch Number 3650 -> Loss: 4.369 Accuracy: 0.046
 - Batch Number 3700 -> Loss: 4.361 Accuracy: 0.038
 - Batch Number 3750 -> Loss: 4.607 Accuracy: 0.041
 - Batch Number 3800 -> Loss: 3.981 Accuracy: 0.020
 - Batch Number 3850 -> Loss: 4.288 Accuracy: 0.069
 - Batch Number 3900 -> Loss: 4.007 Accuracy: 0.063
 - Batch Number 3950 -> Loss: 4.729 Accuracy: 0.033
 - Batch Number 4000 -> Loss: 4.273 Accuracy: 0.054
 - Batch Number 4050 -> Loss: 4.484 Accuracy: 0.068
 - Batch Number 4100 -> Loss: 4.606 Accuracy: 0.039
 - Batch Number 4150 -> Loss: 4.916 Accuracy: 0.078
 - Batch Number 4200 -> Loss: 4.510 Accuracy: 0.034
 - Batch Number 4250 -> Loss: 4.414 Accuracy: 0.036
 - Batch Number 4300 -> Loss: 4.685 Accuracy: 0.040
 - Batch Number 4350 -> Loss: 4.212 Accuracy: 0.015
 - Batch Number 4400 -> Loss: 4.688 Accuracy: 0.009
 - Batch Number 4450 -> Loss: 4.387 Accuracy: 0.023
 - Batch Number 4500 -> Loss: 3.951 Accuracy: 0.047
 - Batch Number 4550 -> Loss: 4.668 Accuracy: 0.082
 - Batch Number 4600 -> Loss: 4.721 Accuracy: 0.015
 - Batch Number 4650 -> Loss: 4.591 Accuracy: 0.060
 - Batch Number 4700 -> Loss: 4.652 Accuracy: 0.052
 - Batch Number 4750 -> Loss: 4.609 Accuracy: 0.103
 - Batch Number 4800 -> Loss: 4.094 Accuracy: 0.056
 - Batch Number 4850 -> Loss: 4.553 Accuracy: 0.040
 - Batch Number 4900 -> Loss: 4.729 Accuracy: 0.076
 - Batch Number 4950 -> Loss: 4.382 Accuracy: 0.044
 - Batch Number 5000 -> Loss: 4.554 Accuracy: 0.043
 - Batch Number 5050 -> Loss: 4.367 Accuracy: 0.017
 - Batch Number 5100 -> Loss: 4.555 Accuracy: 0.034
 - Batch Number 5150 -> Loss: 4.700 Accuracy: 0.042
 - Batch Number 5200 -> Loss: 4.465 Accuracy: 0.039
 - Batch Number 5250 -> Loss: 4.577 Accuracy: 0.028
 - Batch Number 5300 -> Loss: 4.107 Accuracy: 0.045
 - Batch Number 5350 -> Loss: 4.553 Accuracy: 0.087
 - Batch Number 5400 -> Loss: 4.558 Accuracy: 0.059
 - Batch Number 5450 -> Loss: 4.495 Accuracy: 0.048
 - Batch Number 5500 -> Loss: 4.472 Accuracy: 0.055
 - Batch Number 5550 -> Loss: 4.272 Accuracy: 0.035
 - Batch Number 5600 -> Loss: 4.662 Accuracy: 0.053
 - Batch Number 5650 -> Loss: 4.310 Accuracy: 0.019
 - Batch Number 5700 -> Loss: 4.607 Accuracy: 0.034
 - Batch Number 5750 -> Loss: 4.654 Accuracy: 0.031
 - Batch Number 5800 -> Loss: 4.456 Accuracy: 0.075
 - Batch Number 5850 -> Loss: 4.589 Accuracy: 0.068
 - Batch Number 5900 -> Loss: 4.151 Accuracy: 0.032
 - Batch Number 5950 -> Loss: 3.982 Accuracy: 0.018
 - Batch Number 6000 -> Loss: 4.437 Accuracy: 0.038
 - Batch Number 6050 -> Loss: 4.286 Accuracy: 0.034
 - Batch Number 6100 -> Loss: 4.042 Accuracy: 0.104
 - Batch Number 6150 -> Loss: 4.536 Accuracy: 0.033
 - Batch Number 6200 -> Loss: 4.696 Accuracy: 0.048
 - Batch Number 6250 -> Loss: 4.291 Accuracy: 0.028
 - Batch Number 6300 -> Loss: 4.294 Accuracy: 0.061
 - Batch Number 6350 -> Loss: 4.504 Accuracy: 0.033
 - Batch Number 6400 -> Loss: 4.657 Accuracy: 0.030
 - Batch Number 6450 -> Loss: 4.635 Accuracy: 0.052
 - Batch Number 6500 -> Loss: 4.530 Accuracy: 0.033
 - Batch Number 6550 -> Loss: 4.736 Accuracy: 0.032
 - Batch Number 6600 -> Loss: 4.359 Accuracy: 0.030
 - Batch Number 6650 -> Loss: 4.620 Accuracy: 0.017
 - Batch Number 6700 -> Loss: 4.592 Accuracy: 0.049
 - Batch Number 6750 -> Loss: 4.443 Accuracy: 0.038
 - Batch Number 6800 -> Loss: 4.570 Accuracy: 0.072
 - Batch Number 6850 -> Loss: 4.004 Accuracy: 0.068
 - Batch Number 6900 -> Loss: 4.422 Accuracy: 0.050
 - Batch Number 6950 -> Loss: 4.645 Accuracy: 0.021
 - Batch Number 7000 -> Loss: 4.088 Accuracy: 0.044
 - Batch Number 7050 -> Loss: 4.579 Accuracy: 0.051
 - Batch Number 7100 -> Loss: 4.637 Accuracy: 0.038
 - Batch Number 7150 -> Loss: 4.465 Accuracy: 0.067
 - Batch Number 7200 -> Loss: 3.986 Accuracy: 0.030
 - Batch Number 7250 -> Loss: 4.603 Accuracy: 0.039
 - Batch Number 7300 -> Loss: 4.076 Accuracy: 0.025
 - Batch Number 7350 -> Loss: 4.665 Accuracy: 0.026
 - Batch Number 7400 -> Loss: 4.444 Accuracy: 0.043
 - Batch Number 7450 -> Loss: 4.563 Accuracy: 0.030
 - Batch Number 7500 -> Loss: 4.439 Accuracy: 0.023
 - Batch Number 7550 -> Loss: 4.361 Accuracy: 0.036
 - Batch Number 7600 -> Loss: 4.483 Accuracy: 0.035
 - Batch Number 7650 -> Loss: 4.619 Accuracy: 0.050
 - Batch Number 7700 -> Loss: 4.243 Accuracy: 0.046
 - Batch Number 7750 -> Loss: 4.639 Accuracy: 0.040
 - Batch Number 7800 -> Loss: 4.307 Accuracy: 0.034
 - Batch Number 7850 -> Loss: 4.658 Accuracy: 0.033
 - Batch Number 7900 -> Loss: 4.762 Accuracy: 0.045
 - Batch Number 7950 -> Loss: 4.343 Accuracy: 0.124
 - Batch Number 8000 -> Loss: 4.633 Accuracy: 0.021
 - Batch Number 8050 -> Loss: 4.294 Accuracy: 0.038
 - Batch Number 8100 -> Loss: 4.440 Accuracy: 0.060
 - Batch Number 8150 -> Loss: 4.356 Accuracy: 0.052
 - Batch Number 8200 -> Loss: 4.771 Accuracy: 0.052
 - Batch Number 8250 -> Loss: 4.386 Accuracy: 0.043
 - Batch Number 8300 -> Loss: 3.971 Accuracy: 0.019
 - Batch Number 8350 -> Loss: 4.965 Accuracy: 0.044
 - Batch Number 8400 -> Loss: 4.067 Accuracy: 0.042
 - Batch Number 8450 -> Loss: 4.585 Accuracy: 0.033
 - Batch Number 8500 -> Loss: 4.484 Accuracy: 0.085
 - Batch Number 8550 -> Loss: 4.461 Accuracy: 0.050
 - Batch Number 8600 -> Loss: 4.475 Accuracy: 0.037
 - Batch Number 8650 -> Loss: 4.753 Accuracy: 0.083
 - Batch Number 8700 -> Loss: 4.338 Accuracy: 0.045
 - Batch Number 8750 -> Loss: 4.415 Accuracy: 0.020
 - Batch Number 8800 -> Loss: 4.248 Accuracy: 0.034
 - Batch Number 8850 -> Loss: 4.504 Accuracy: 0.050
 - Batch Number 8900 -> Loss: 4.217 Accuracy: 0.048
 - Batch Number 8950 -> Loss: 4.324 Accuracy: 0.038
 - Batch Number 9000 -> Loss: 4.615 Accuracy: 0.027
 - Batch Number 9050 -> Loss: 4.373 Accuracy: 0.037
 - Batch Number 9100 -> Loss: 4.698 Accuracy: 0.038
 - Batch Number 9150 -> Loss: 5.149 Accuracy: 0.035
 - Batch Number 9200 -> Loss: 3.986 Accuracy: 0.047
 - Batch Number 9250 -> Loss: 4.574 Accuracy: 0.031
 - Batch Number 9300 -> Loss: 4.512 Accuracy: 0.029
 - Batch Number 9350 -> Loss: 4.416 Accuracy: 0.039
 - Batch Number 9400 -> Loss: 4.452 Accuracy: 0.025
 - Batch Number 9450 -> Loss: 4.578 Accuracy: 0.038
 - Batch Number 9500 -> Loss: 4.504 Accuracy: 0.042
 - Batch Number 9550 -> Loss: 4.411 Accuracy: 0.028
 - Batch Number 9600 -> Loss: 4.415 Accuracy: 0.031
 - Batch Number 9650 -> Loss: 4.605 Accuracy: 0.052
 - Batch Number 9700 -> Loss: 4.614 Accuracy: 0.036
 - Batch Number 9750 -> Loss: 4.480 Accuracy: 0.029
 - Batch Number 9800 -> Loss: 4.427 Accuracy: 0.030
 - Batch Number 9850 -> Loss: 4.235 Accuracy: 0.055
 - Batch Number 9900 -> Loss: 4.613 Accuracy: 0.035
 - Batch Number 9950 -> Loss: 4.751 Accuracy: 0.037
 - Batch Number 10000 -> Loss: 4.489 Accuracy: 0.062
 - Batch Number 10050 -> Loss: 4.288 Accuracy: 0.020
 - Batch Number 10100 -> Loss: 4.632 Accuracy: 0.037
 - Batch Number 10150 -> Loss: 4.658 Accuracy: 0.045
 - Batch Number 10200 -> Loss: 4.368 Accuracy: 0.023
 - Batch Number 10250 -> Loss: 4.316 Accuracy: 0.052
 - Batch Number 10300 -> Loss: 4.512 Accuracy: 0.106
 - Batch Number 10350 -> Loss: 4.566 Accuracy: 0.049
 - Batch Number 10400 -> Loss: 4.433 Accuracy: 0.040
 - Batch Number 10450 -> Loss: 4.674 Accuracy: 0.022
 - Batch Number 10500 -> Loss: 4.393 Accuracy: 0.066
 - Batch Number 10550 -> Loss: 4.549 Accuracy: 0.046
 - Batch Number 10600 -> Loss: 4.659 Accuracy: 0.047
 - Batch Number 10650 -> Loss: 4.311 Accuracy: 0.037
 - Batch Number 10700 -> Loss: 4.541 Accuracy: 0.060
 - Batch Number 10750 -> Loss: 4.403 Accuracy: 0.028
 - Batch Number 10800 -> Loss: 4.755 Accuracy: 0.042
 - Batch Number 10850 -> Loss: 4.294 Accuracy: 0.027
 - Batch Number 10900 -> Loss: 4.619 Accuracy: 0.037
 - Batch Number 10950 -> Loss: 4.340 Accuracy: 0.080
 - Batch Number 11000 -> Loss: 4.325 Accuracy: 0.044
 - Batch Number 11050 -> Loss: 4.601 Accuracy: 0.041
 - Batch Number 11100 -> Loss: 4.494 Accuracy: 0.036
 - Batch Number 11150 -> Loss: 4.547 Accuracy: 0.060
 - Batch Number 11200 -> Loss: 4.633 Accuracy: 0.024
 - Batch Number 11250 -> Loss: 4.640 Accuracy: 0.048
 - Batch Number 11300 -> Loss: 4.354 Accuracy: 0.038
 - Batch Number 11350 -> Loss: 4.336 Accuracy: 0.046
 - Batch Number 11400 -> Loss: 4.419 Accuracy: 0.031
 - Batch Number 11450 -> Loss: 4.709 Accuracy: 0.029
 - Batch Number 11500 -> Loss: 4.650 Accuracy: 0.078
 - Batch Number 11550 -> Loss: 4.907 Accuracy: 0.035
 - Batch Number 11600 -> Loss: 4.595 Accuracy: 0.045
 - Batch Number 11650 -> Loss: 4.756 Accuracy: 0.021
 - Batch Number 11700 -> Loss: 4.462 Accuracy: 0.045
 - Batch Number 11750 -> Loss: 4.413 Accuracy: 0.035
 - Batch Number 11800 -> Loss: 4.657 Accuracy: 0.079
 - Batch Number 11850 -> Loss: 4.436 Accuracy: 0.027
 - Batch Number 11900 -> Loss: 4.594 Accuracy: 0.037
 - Batch Number 11950 -> Loss: 4.655 Accuracy: 0.040
 - Batch Number 12000 -> Loss: 4.154 Accuracy: 0.057
 - Batch Number 12050 -> Loss: 4.558 Accuracy: 0.055
 - Batch Number 12100 -> Loss: 4.431 Accuracy: 0.032
 - Batch Number 12150 -> Loss: 4.523 Accuracy: 0.025
 - Batch Number 12200 -> Loss: 4.706 Accuracy: 0.061
 - Batch Number 12250 -> Loss: 4.344 Accuracy: 0.015
 - Batch Number 12300 -> Loss: 4.041 Accuracy: 0.028
 - Batch Number 12350 -> Loss: 4.494 Accuracy: 0.103
 - Batch Number 12400 -> Loss: 4.702 Accuracy: 0.034
 - Batch Number 12450 -> Loss: 4.425 Accuracy: 0.031
 - Batch Number 12500 -> Loss: 4.528 Accuracy: 0.052
 - Batch Number 12550 -> Loss: 4.498 Accuracy: 0.055
 - Batch Number 12600 -> Loss: 4.048 Accuracy: 0.032
 - Batch Number 12650 -> Loss: 4.835 Accuracy: 0.046
 - Batch Number 12700 -> Loss: 4.525 Accuracy: 0.053
 - Batch Number 12750 -> Loss: 4.457 Accuracy: 0.043
 - Batch Number 12800 -> Loss: 4.330 Accuracy: 0.048
 - Batch Number 12850 -> Loss: 4.410 Accuracy: 0.034
 - Batch Number 12900 -> Loss: 4.648 Accuracy: 0.051
 - Batch Number 12950 -> Loss: 4.121 Accuracy: 0.041
 - Batch Number 13000 -> Loss: 4.555 Accuracy: 0.044
 - Batch Number 13050 -> Loss: 4.348 Accuracy: 0.035
 - Batch Number 13100 -> Loss: 4.593 Accuracy: 0.026
 - Batch Number 13150 -> Loss: 4.086 Accuracy: 0.060
 - Batch Number 13200 -> Loss: 4.342 Accuracy: 0.031
 - Batch Number 13250 -> Loss: 4.498 Accuracy: 0.052
 - Batch Number 13300 -> Loss: 4.835 Accuracy: 0.032
 - Batch Number 13350 -> Loss: 4.658 Accuracy: 0.033
 - Batch Number 13400 -> Loss: 4.695 Accuracy: 0.060
 - Batch Number 13450 -> Loss: 4.627 Accuracy: 0.036
 - Batch Number 13500 -> Loss: 4.011 Accuracy: 0.031
 - Batch Number 13550 -> Loss: 4.684 Accuracy: 0.055
 - Batch Number 13600 -> Loss: 4.611 Accuracy: 0.034
 - Batch Number 13650 -> Loss: 4.537 Accuracy: 0.019
 - Batch Number 13700 -> Loss: 4.601 Accuracy: 0.045
 - Batch Number 13750 -> Loss: 4.381 Accuracy: 0.040
 - Batch Number 13800 -> Loss: 4.382 Accuracy: 0.085
 - Batch Number 13850 -> Loss: 4.579 Accuracy: 0.063
 - Batch Number 13900 -> Loss: 4.503 Accuracy: 0.018
 - Batch Number 13950 -> Loss: 4.640 Accuracy: 0.038
 - Batch Number 14000 -> Loss: 4.117 Accuracy: 0.022
 - Batch Number 14050 -> Loss: 4.490 Accuracy: 0.086
 - Batch Number 14100 -> Loss: 4.269 Accuracy: 0.035
 - Batch Number 14150 -> Loss: 4.283 Accuracy: 0.067
 - Batch Number 14200 -> Loss: 4.320 Accuracy: 0.034
train Loss: 4.4680 Acc: 0.0176
wandb: Waiting for W&B process to finish... (success).
wandb: - 0.006 MB of 0.006 MB uploaded (0.000 MB deduped)wandb: \ 0.006 MB of 0.065 MB uploaded (0.000 MB deduped)wandb: | 0.006 MB of 0.065 MB uploaded (0.000 MB deduped)wandb: 
wandb: Run history:
wandb:      train_batches/batch â–â–‚â–ƒâ–ƒâ–„â–…â–…â–†â–‡â–ˆâ–â–‚â–ƒâ–ƒâ–„â–…â–…â–†â–‡â–ˆâ–â–‚â–ƒâ–ƒâ–„â–…â–…â–†â–‡â–ˆâ–â–‚â–ƒâ–„â–„â–…â–†â–†â–‡â–ˆ
wandb:  train_batches/train_acc â–ƒâ–ƒâ–‚â–ƒâ–â–„â–†â–â–„â–„â–‚â–ˆâ–‚â–ƒâ–ƒâ–…â–ƒâ–ƒâ–…â–‚â–…â–ƒâ–‚â–„â–‡â–‡â–ƒâ–„â–†â–…â–ƒâ–…â–â–…â–„â–ƒâ–‚â–„â–‚â–ƒ
wandb: train_batches/train_loss â–‡â–‡â–‡â–„â–†â–‡â–‡â–‡â–…â–‡â–‡â–…â–ˆâ–„â–‡â–ƒâ–â–ˆâ–†â–‡â–†â–‚â–†â–†â–‡â–ƒâ–†â–†â–†â–ˆâ–‡â–†â–â–‡â–‚â–„â–†â–„â–‚â–„
wandb:       train_epochs/epoch â–â–ƒâ–†â–ˆ
wandb:   train_epochs/train_acc â–â–†â–†â–ˆ
wandb:  train_epochs/train_loss â–ˆâ–ƒâ–â–
wandb:        val_batches/batch â–â–‚â–‚â–ƒâ–„â–…â–…â–†â–‡â–‡â–â–‚â–‚â–ƒâ–„â–…â–…â–†â–‡â–ˆâ–â–‚â–‚â–ƒâ–„â–…â–†â–†â–‡â–ˆâ–â–‚â–ƒâ–ƒâ–„â–…â–†â–†â–‡â–ˆ
wandb:      val_batches/val_acc â–„â–…â–„â–…â–ƒâ–â–„â–ƒâ–ƒâ–ˆâ–„â–ƒâ–…â–ƒâ–…â–„â–ƒâ–…â–„â–…â–…â–…â–…â–ƒâ–…â–â–„â–„â–†â–…â–„â–…â–ˆâ–ƒâ–…â–„â–„â–…â–†â–„
wandb:     val_batches/val_loss â–‡â–…â–†â–…â–†â–„â–ƒâ–…â–†â–„â–‡â–…â–†â–‡â–†â–ˆâ–‚â–„â–†â–„â–‡â–…â–†â–‡â–„â–ˆâ–â–„â–…â–ƒâ–„â–„â–‡â–‡â–†â–ˆâ–â–„â–„â–…
wandb:         val_epochs/epoch â–â–ƒâ–†â–ˆ
wandb:       val_epochs/val_acc â–ˆâ–â–‚â–‚
wandb:      val_epochs/val_loss â–ˆâ–„â–ƒâ–
wandb: 
wandb: Run summary:
wandb:      train_batches/batch 14200
wandb:  train_batches/train_acc 0.03381
wandb: train_batches/train_loss 4.32044
wandb:       train_epochs/epoch 3
wandb:   train_epochs/train_acc 0.01756
wandb:  train_epochs/train_loss 4.46805
wandb:        val_batches/batch 2500
wandb:      val_batches/val_acc 0.04284
wandb:     val_batches/val_loss 4.44972
wandb:         val_epochs/epoch 3
wandb:       val_epochs/val_acc 0.01919
wandb:      val_epochs/val_loss 4.47418
wandb: 
wandb: ðŸš€ View run dutiful-dew-63 at: https://wandb.ai/tfg_oriol/action_classification/runs/jkq5qc8x
wandb: Synced 5 W&B file(s), 0 media file(s), 0 artifact file(s) and 0 other file(s)
wandb: Find logs at: ./wandb/run-20230508_130856-jkq5qc8x/logs
val Loss: 4.4742 Acc: 0.0192
Training complete in 1132m 34s
Best val Acc: 0.021470
Model saved at /home-net/omartinez/TFG/weights/vanilla_attention_6
